/software/ECE/DesignCompiler-Q2019.12/syn/Q-2019.12-SP5-3/auxx/gui/dv/dv_setup.tcl
/software/ECE/DesignCompiler-Q2019.12/syn/Q-2019.12-SP5-3/auxx/gui/syn/snpsSynProcs.tcl
/software/ECE/DesignCompiler-Q2019.12/syn/Q-2019.12-SP5-3/auxx/gui/syn/layout/pkgIndex.tcl
/software/ECE/DesignCompiler-Q2019.12/syn/Q-2019.12-SP5-3/auxx/gui/common/tiledview/pkgIndex.tcl
/software/ECE/DesignCompiler-Q2019.12/syn/Q-2019.12-SP5-3/auxx/gui/common/docBrowser/pkgIndex.tcl
/software/ECE/DesignCompiler-Q2019.12/syn/Q-2019.12-SP5-3/auxx/gui/common/setup/pkgIndex.tcl
/software/ECE/DesignCompiler-Q2019.12/syn/Q-2019.12-SP5-3/auxx/gui/common/highlight/pkgIndex.tcl
/software/ECE/DesignCompiler-Q2019.12/syn/Q-2019.12-SP5-3/auxx/gui/common/fanoutviewer/pkgIndex.tcl
/software/ECE/DesignCompiler-Q2019.12/syn/Q-2019.12-SP5-3/auxx/gui/common/schematic/pkgIndex.tcl
/software/ECE/DesignCompiler-Q2019.12/syn/Q-2019.12-SP5-3/auxx/gui/common/pathinspector/pkgIndex.tcl
/software/ECE/DesignCompiler-Q2019.12/syn/Q-2019.12-SP5-3/auxx/gui/common/palettegroup/pkgIndex.tcl
/software/ECE/DesignCompiler-Q2019.12/syn/Q-2019.12-SP5-3/auxx/gui/common/strokes/pkgIndex.tcl
/software/ECE/DesignCompiler-Q2019.12/syn/Q-2019.12-SP5-3/auxx/gui/common/WindowFrameWork/pkgIndex.tcl
/software/ECE/DesignCompiler-Q2019.12/syn/Q-2019.12-SP5-3/auxx/gui/common/menus/pkgIndex.tcl
/software/ECE/DesignCompiler-Q2019.12/syn/Q-2019.12-SP5-3/auxx/gui/common/view/pkgIndex.tcl
/software/ECE/DesignCompiler-Q2019.12/syn/Q-2019.12-SP5-3/auxx/gui/common/profiler/pkgIndex.tcl
/software/ECE/DesignCompiler-Q2019.12/syn/Q-2019.12-SP5-3/auxx/gui/common/mrupalette/pkgIndex.tcl
/software/ECE/DesignCompiler-Q2019.12/syn/Q-2019.12-SP5-3/auxx/gui/common/hierarchy/pkgIndex.tcl
/software/ECE/DesignCompiler-Q2019.12/syn/Q-2019.12-SP5-3/auxx/gui/common/dialogs/pkgIndex.tcl
/software/ECE/DesignCompiler-Q2019.12/syn/Q-2019.12-SP5-3/auxx/gui/common/histogram/pkgIndex.tcl
/software/ECE/DesignCompiler-Q2019.12/syn/Q-2019.12-SP5-3/auxx/gui/common/tcl-dp/pkgIndex.tcl
/software/ECE/DesignCompiler-Q2019.12/syn/Q-2019.12-SP5-3/auxx/gui/common/commandform/pkgIndex.tcl
/software/ECE/DesignCompiler-Q2019.12/syn/Q-2019.12-SP5-3/auxx/gui/common/regressionToolkit/pkgIndex.tcl
/software/ECE/DesignCompiler-Q2019.12/syn/Q-2019.12-SP5-3/auxx/gui/common/layout/pkgIndex.tcl
/software/ECE/DesignCompiler-Q2019.12/syn/Q-2019.12-SP5-3/auxx/gui/common/tq/pkgIndex.tcl
/software/ECE/DesignCompiler-Q2019.12/syn/Q-2019.12-SP5-3/auxx/gui/common/acg/pkgIndex.tcl
/software/ECE/DesignCompiler-Q2019.12/syn/Q-2019.12-SP5-3/auxx/gui/common/qtcl/pkgIndex.tcl
/software/ECE/DesignCompiler-Q2019.12/syn/Q-2019.12-SP5-3/auxx/gui/common/select/pkgIndex.tcl
/software/ECE/DesignCompiler-Q2019.12/syn/Q-2019.12-SP5-3/auxx/gui/common/opdlg/pkgIndex.tcl
/software/ECE/DesignCompiler-Q2019.12/syn/Q-2019.12-SP5-3/auxx/gui/common/libviewer/pkgIndex.tcl
/software/ECE/DesignCompiler-Q2019.12/syn/Q-2019.12-SP5-3/auxx/gui/common/table/pkgIndex.tcl
/software/ECE/DesignCompiler-Q2019.12/syn/Q-2019.12-SP5-3/auxx/gui/common/misc/pkgIndex.tcl
/software/ECE/DesignCompiler-Q2019.12/syn/Q-2019.12-SP5-3/auxx/gui/common/timing/pkgIndex.tcl
/software/ECE/DesignCompiler-Q2019.12/syn/Q-2019.12-SP5-3/auxx/gui/dv/pkgIndex.tcl
/software/ECE/DesignCompiler-Q2019.12/syn/Q-2019.12-SP5-3/auxx/syn/lib/pkgIndex.tcl
/software/ECE/DesignCompiler-Q2019.12/syn/Q-2019.12-SP5-3/auxx/tcllib/lib/iwidgets4.1/pkgIndex.tcl
/software/ECE/DesignCompiler-Q2019.12/syn/Q-2019.12-SP5-3/auxx/tcllib/snps_tcl/snpsTest/pkgIndex.tcl
/software/ECE/DesignCompiler-Q2019.12/syn/Q-2019.12-SP5-3/auxx/tcllib/snps_tcl/snpsUtils/pkgIndex.tcl
/software/ECE/DesignCompiler-Q2019.12/syn/Q-2019.12-SP5-3/auxx/tcllib/snps_tcl/snpsTclPro/pkgIndex.tcl
/software/ECE/DesignCompiler-Q2019.12/syn/Q-2019.12-SP5-3/auxx/tcllib/snps_tcl/pkgIndex.tcl
/software/ECE/DesignCompiler-Q2019.12/syn/Q-2019.12-SP5-3/auxx/tcllib/lib/tcl8.6/opt/pkgIndex.tcl
/software/ECE/DesignCompiler-Q2019.12/syn/Q-2019.12-SP5-3/auxx/tcllib/lib/tcl8.6/dde/pkgIndex.tcl
/software/ECE/DesignCompiler-Q2019.12/syn/Q-2019.12-SP5-3/auxx/tcllib/lib/tcl8.6/tcltest/pkgIndex.tcl
/software/ECE/DesignCompiler-Q2019.12/syn/Q-2019.12-SP5-3/auxx/tcllib/lib/tcl8.6/http/pkgIndex.tcl
/software/ECE/DesignCompiler-Q2019.12/syn/Q-2019.12-SP5-3/auxx/tcllib/lib/tcl8.6/reg/pkgIndex.tcl
/software/ECE/DesignCompiler-Q2019.12/syn/Q-2019.12-SP5-3/auxx/tcllib/lib/tcl8.6/msgcat/pkgIndex.tcl
/software/ECE/DesignCompiler-Q2019.12/syn/Q-2019.12-SP5-3/auxx/tcllib/lib/tcl8.6/platform/pkgIndex.tcl
/software/ECE/DesignCompiler-Q2019.12/syn/Q-2019.12-SP5-3/auxx/tcllib/lib/tcl8.6/http1.0/pkgIndex.tcl
/software/ECE/DesignCompiler-Q2019.12/syn/Q-2019.12-SP5-3/auxx/gui/common/setup/snpsCommonSetup.tcl
/software/ECE/DesignCompiler-Q2019.12/syn/Q-2019.12-SP5-3/auxx/gui/common/setup/snpsCustomize.tcl
/software/ECE/DesignCompiler-Q2019.12/syn/Q-2019.12-SP5-3/auxx/gui/common/setup/snpsProcheck.tcl
/software/ECE/DesignCompiler-Q2019.12/syn/Q-2019.12-SP5-3/auxx/gui/common/qtcl/.synopsys_qtcl.tcl
/software/ECE/DesignCompiler-Q2019.12/syn/Q-2019.12-SP5-3/auxx/gui/common/highlight/highlight.tcl
/software/ECE/DesignCompiler-Q2019.12/syn/Q-2019.12-SP5-3/auxx/gui/common/misc/base.tcl
/software/ECE/DesignCompiler-Q2019.12/syn/Q-2019.12-SP5-3/auxx/gui/common/misc/timing.tcl
/software/ECE/DesignCompiler-Q2019.12/syn/Q-2019.12-SP5-3/auxx/gui/common/misc/setting.tcl
/software/ECE/DesignCompiler-Q2019.12/syn/Q-2019.12-SP5-3/auxx/gui/common/misc/preset.tcl
/software/ECE/DesignCompiler-Q2019.12/syn/Q-2019.12-SP5-3/auxx/gui/common/WindowFrameWork/windowFrameWork.tcl
/software/ECE/DesignCompiler-Q2019.12/syn/Q-2019.12-SP5-3/auxx/gui/common/WindowFrameWork/skipBusyCursorCmdList.tcl
/software/ECE/DesignCompiler-Q2019.12/syn/Q-2019.12-SP5-3/auxx/gui/common/docBrowser/docBrowser.tcl
/software/ECE/DesignCompiler-Q2019.12/syn/Q-2019.12-SP5-3/auxx/tcllib/snps_tcl/snpsUtils/snpsUtils.tcl
/software/ECE/DesignCompiler-Q2019.12/syn/Q-2019.12-SP5-3/auxx/gui/common/dialogs/ObjectChooser.tcl
/software/ECE/DesignCompiler-Q2019.12/syn/Q-2019.12-SP5-3/auxx/gui/common/misc/DialogObjectChooser.tcl
/software/ECE/DesignCompiler-Q2019.12/syn/Q-2019.12-SP5-3/auxx/gui/common/dialogs/HistBinInformation.tcl
/software/ECE/DesignCompiler-Q2019.12/syn/Q-2019.12-SP5-3/auxx/gui/common/dialogs/HistBin1Information.tcl
/software/ECE/DesignCompiler-Q2019.12/syn/Q-2019.12-SP5-3/auxx/gui/common/dialogs/BinsOnlyInformation.tcl
/software/ECE/DesignCompiler-Q2019.12/syn/Q-2019.12-SP5-3/auxx/gui/common/dialogs/FileChooser.tcl
/software/ECE/DesignCompiler-Q2019.12/syn/Q-2019.12-SP5-3/auxx/gui/common/dialogs/PathPinSimpleInfo.tcl
/software/ECE/DesignCompiler-Q2019.12/syn/Q-2019.12-SP5-3/auxx/gui/common/dialogs/PathsBasicInfo.tcl
/software/ECE/DesignCompiler-Q2019.12/syn/Q-2019.12-SP5-3/auxx/gui/common/dialogs/PathsBasicSimpleInfo.tcl
/software/ECE/DesignCompiler-Q2019.12/syn/Q-2019.12-SP5-3/auxx/gui/common/dialogs/SlctOperationInfo.tcl
/software/ECE/DesignCompiler-Q2019.12/syn/Q-2019.12-SP5-3/auxx/gui/common/dialogs/ObjectListInfo.tcl
/software/ECE/DesignCompiler-Q2019.12/syn/Q-2019.12-SP5-3/auxx/gui/common/dialogs/FanInOutInfo.tcl
/software/ECE/DesignCompiler-Q2019.12/syn/Q-2019.12-SP5-3/auxx/gui/common/dialogs/NumberOfLevelsChooser.tcl
/software/ECE/DesignCompiler-Q2019.12/syn/Q-2019.12-SP5-3/auxx/gui/common/dialogs/WindowReuseInfo.tcl
/software/ECE/DesignCompiler-Q2019.12/syn/Q-2019.12-SP5-3/auxx/gui/common/dialogs/ReportOutputOptionInfo.tcl
/software/ECE/DesignCompiler-Q2019.12/syn/Q-2019.12-SP5-3/auxx/gui/common/setup/snpsCollections.tcl
/software/ECE/DesignCompiler-Q2019.12/syn/Q-2019.12-SP5-3/auxx/gui/common/dialogs/CompileLinkDesign.tcl
/software/ECE/DesignCompiler-Q2019.12/syn/Q-2019.12-SP5-3/auxx/gui/common/histogram/DialogEndpointSlack.tcl
/software/ECE/DesignCompiler-Q2019.12/syn/Q-2019.12-SP5-3/auxx/gui/common/histogram/DialogPathsSlack.tcl
/software/ECE/DesignCompiler-Q2019.12/syn/Q-2019.12-SP5-3/auxx/gui/common/histogram/DialogNetCapacitance.tcl
/software/ECE/DesignCompiler-Q2019.12/syn/Q-2019.12-SP5-3/auxx/gui/common/schematic/DialogPathSchematicFanInOut.tcl
/software/ECE/DesignCompiler-Q2019.12/syn/Q-2019.12-SP5-3/auxx/gui/common/schematic/DialogPathSchematicAddPaths.tcl
/home/linux/ieng6/ee260bwi22/cdrewes/ECE260B_final_project/run_dc.tcl
/home/linux/ieng6/ee260bwi22/cdrewes/ECE260B_final_project/verilog/fullchip.v
/home/linux/ieng6/ee260bwi22/public/PDKdata/db/tcbn65gplusbc.db
/home/linux/ieng6/ee260bwi22/cdrewes/ECE260B_final_project/verilog/core.v
/home/linux/ieng6/ee260bwi22/cdrewes/ECE260B_final_project/verilog/sync.v
/home/linux/ieng6/ee260bwi22/cdrewes/ECE260B_final_project/verilog/sfp_row.v
/home/linux/ieng6/ee260bwi22/cdrewes/ECE260B_final_project/verilog/mac_col.v
/home/linux/ieng6/ee260bwi22/cdrewes/ECE260B_final_project/verilog/mac_16in.v
/home/linux/ieng6/ee260bwi22/cdrewes/ECE260B_final_project/verilog/mac_array.v
/home/linux/ieng6/ee260bwi22/cdrewes/ECE260B_final_project/verilog/sram_w16.v
/home/linux/ieng6/ee260bwi22/cdrewes/ECE260B_final_project/verilog/ofifo.v
/home/linux/ieng6/ee260bwi22/cdrewes/ECE260B_final_project/verilog/fifo_depth16.v
/home/linux/ieng6/ee260bwi22/cdrewes/ECE260B_final_project/verilog/fifo_mux_16_1.v
/home/linux/ieng6/ee260bwi22/cdrewes/ECE260B_final_project/verilog/fifo_mux_8_1.v
/home/linux/ieng6/ee260bwi22/cdrewes/ECE260B_final_project/verilog/fifo_mux_2_1.v
/software/ECE/DesignCompiler-Q2019.12/syn/Q-2019.12-SP5-3/libraries/syn/gtech.db
/software/ECE/DesignCompiler-Q2019.12/syn/Q-2019.12-SP5-3/libraries/syn/standard.sldb
/home/linux/ieng6/ee260bwi22/cdrewes/ECE260B_final_project/constraints/fullchip.sdc
/software/ECE/DesignCompiler-Q2019.12/syn/Q-2019.12-SP5-3/libraries/syn/dw_foundation.sldb
/home/linux/ieng6/ee260bwi22/public/PDKdata/db/tcbn65gplusbc.db
/home/linux/ieng6/ee260bwi22/cdrewes/ECE260B_final_project/alib-52/tcbn65gplusbc.db.alib
/home/linux/ieng6/ee260bwi22/cdrewes/ECE260B_final_project/alib-52/alib_analyze_libs.tcl.e
/home/linux/ieng6/ee260bwi22/public/PDKdata/db/tcbn65gplusbc.db
/home/linux/ieng6/ee260bwi22/cdrewes/ECE260B_final_project/alib-52/tcbn65gplusbc.db.alib
/home/linux/ieng6/oce/1l/cdrewes/synopsys_cache_Q-2019.12-SP5-3/DW01/DW01_NAND2/str/tcbn65gplusbc_4071/element.ddc
/home/linux/ieng6/oce/1l/cdrewes/synopsys_cache_Q-2019.12-SP5-3/DW02/DW_div_tc/cla/20/19/tcbn65gplusbc_4071/element.ddc
/home/linux/ieng6/oce/1l/cdrewes/synopsys_cache_Q-2019.12-SP5-3/DW02/DW_div/cla/20/19/1/1/tcbn65gplusbc_4071/element.ddc
/home/linux/ieng6/oce/1l/cdrewes/synopsys_cache_Q-2019.12-SP5-3/DW01/DW01_absval/cla/20/tcbn65gplusbc_4071/element.ddc
/home/linux/ieng6/oce/1l/cdrewes/synopsys_cache_Q-2019.12-SP5-3/DW01/DW01_inc/cla/20/tcbn65gplusbc_4071/element.ddc
/home/linux/ieng6/oce/1l/cdrewes/synopsys_cache_Q-2019.12-SP5-3/DW01/DW01_absval/cla/20/tcbn65gplusbc_4071/element.ddc
/home/linux/ieng6/oce/1l/cdrewes/synopsys_cache_Q-2019.12-SP5-3/DW01/DW01_absval/cla/20/tcbn65gplusbc_4071/element.ddc
/home/linux/ieng6/oce/1l/cdrewes/synopsys_cache_Q-2019.12-SP5-3/DW01/DW01_absval/cla/20/tcbn65gplusbc_4071/element.ddc
/home/linux/ieng6/oce/1l/cdrewes/synopsys_cache_Q-2019.12-SP5-3/DW01/DW01_absval/cla/20/tcbn65gplusbc_4071/element.ddc
/home/linux/ieng6/oce/1l/cdrewes/synopsys_cache_Q-2019.12-SP5-3/DW01/DW01_absval/cla/20/tcbn65gplusbc_4071/element.ddc
/home/linux/ieng6/oce/1l/cdrewes/synopsys_cache_Q-2019.12-SP5-3/DW02/DW_div_tc/cla/20/19/tcbn65gplusbc_4071/element.ddc
/home/linux/ieng6/oce/1l/cdrewes/synopsys_cache_Q-2019.12-SP5-3/DW02/DW_div/cla/20/19/1/1/tcbn65gplusbc_4071/element.ddc
/home/linux/ieng6/oce/1l/cdrewes/synopsys_cache_Q-2019.12-SP5-3/DW01/DW01_absval/cla/20/tcbn65gplusbc_4071/element.ddc
/home/linux/ieng6/oce/1l/cdrewes/synopsys_cache_Q-2019.12-SP5-3/DW01/DW01_absval/cla/20/tcbn65gplusbc_4071/element.ddc
/home/linux/ieng6/oce/1l/cdrewes/synopsys_cache_Q-2019.12-SP5-3/DW01/DW01_absval/cla/20/tcbn65gplusbc_4071/element.ddc
/home/linux/ieng6/oce/1l/cdrewes/synopsys_cache_Q-2019.12-SP5-3/DW01/DW01_absval/cla/20/tcbn65gplusbc_4071/element.ddc
/home/linux/ieng6/oce/1l/cdrewes/synopsys_cache_Q-2019.12-SP5-3/DW01/DW01_absval/cla/20/tcbn65gplusbc_4071/element.ddc
/home/linux/ieng6/oce/1l/cdrewes/synopsys_cache_Q-2019.12-SP5-3/DW01/DW01_absval/cla/20/tcbn65gplusbc_4071/element.ddc
/home/linux/ieng6/oce/1l/cdrewes/synopsys_cache_Q-2019.12-SP5-3/DW02/DW_div_tc/cla/20/19/tcbn65gplusbc_4071/element.ddc
/home/linux/ieng6/oce/1l/cdrewes/synopsys_cache_Q-2019.12-SP5-3/DW02/DW_div/cla/20/19/1/1/tcbn65gplusbc_4071/element.ddc
/home/linux/ieng6/oce/1l/cdrewes/synopsys_cache_Q-2019.12-SP5-3/DW01/DW01_absval/cla/20/tcbn65gplusbc_4071/element.ddc
/home/linux/ieng6/oce/1l/cdrewes/synopsys_cache_Q-2019.12-SP5-3/DW01/DW01_absval/cla/20/tcbn65gplusbc_4071/element.ddc
/home/linux/ieng6/oce/1l/cdrewes/synopsys_cache_Q-2019.12-SP5-3/DW01/DW01_absval/cla/20/tcbn65gplusbc_4071/element.ddc
/home/linux/ieng6/oce/1l/cdrewes/synopsys_cache_Q-2019.12-SP5-3/DW01/DW01_absval/cla/20/tcbn65gplusbc_4071/element.ddc
/home/linux/ieng6/oce/1l/cdrewes/synopsys_cache_Q-2019.12-SP5-3/DW01/DW01_absval/cla/20/tcbn65gplusbc_4071/element.ddc
/home/linux/ieng6/oce/1l/cdrewes/synopsys_cache_Q-2019.12-SP5-3/DW01/DW01_absval/cla/20/tcbn65gplusbc_4071/element.ddc
/home/linux/ieng6/oce/1l/cdrewes/synopsys_cache_Q-2019.12-SP5-3/DW02/DW_div_tc/cla/20/19/tcbn65gplusbc_4071/element.ddc
/home/linux/ieng6/oce/1l/cdrewes/synopsys_cache_Q-2019.12-SP5-3/DW02/DW_div/cla/20/19/1/1/tcbn65gplusbc_4071/element.ddc
/home/linux/ieng6/oce/1l/cdrewes/synopsys_cache_Q-2019.12-SP5-3/DW01/DW01_absval/cla/20/tcbn65gplusbc_4071/element.ddc
/home/linux/ieng6/oce/1l/cdrewes/synopsys_cache_Q-2019.12-SP5-3/DW01/DW01_absval/cla/20/tcbn65gplusbc_4071/element.ddc
/home/linux/ieng6/oce/1l/cdrewes/synopsys_cache_Q-2019.12-SP5-3/DW01/DW01_absval/cla/20/tcbn65gplusbc_4071/element.ddc
/home/linux/ieng6/oce/1l/cdrewes/synopsys_cache_Q-2019.12-SP5-3/DW01/DW01_absval/cla/20/tcbn65gplusbc_4071/element.ddc
/home/linux/ieng6/oce/1l/cdrewes/synopsys_cache_Q-2019.12-SP5-3/DW01/DW01_absval/cla/20/tcbn65gplusbc_4071/element.ddc
/home/linux/ieng6/oce/1l/cdrewes/synopsys_cache_Q-2019.12-SP5-3/DW01/DW01_absval/cla/20/tcbn65gplusbc_4071/element.ddc
/home/linux/ieng6/oce/1l/cdrewes/synopsys_cache_Q-2019.12-SP5-3/DW02/DW_div_tc/cla/20/19/tcbn65gplusbc_4071/element.ddc
/home/linux/ieng6/oce/1l/cdrewes/synopsys_cache_Q-2019.12-SP5-3/DW02/DW_div/cla/20/19/1/1/tcbn65gplusbc_4071/element.ddc
/home/linux/ieng6/oce/1l/cdrewes/synopsys_cache_Q-2019.12-SP5-3/DW01/DW01_absval/cla/20/tcbn65gplusbc_4071/element.ddc
/home/linux/ieng6/oce/1l/cdrewes/synopsys_cache_Q-2019.12-SP5-3/DW01/DW01_absval/cla/20/tcbn65gplusbc_4071/element.ddc
/home/linux/ieng6/oce/1l/cdrewes/synopsys_cache_Q-2019.12-SP5-3/DW01/DW01_absval/cla/20/tcbn65gplusbc_4071/element.ddc
/home/linux/ieng6/oce/1l/cdrewes/synopsys_cache_Q-2019.12-SP5-3/DW01/DW01_absval/cla/20/tcbn65gplusbc_4071/element.ddc
/home/linux/ieng6/oce/1l/cdrewes/synopsys_cache_Q-2019.12-SP5-3/DW01/DW01_absval/cla/20/tcbn65gplusbc_4071/element.ddc
/home/linux/ieng6/oce/1l/cdrewes/synopsys_cache_Q-2019.12-SP5-3/DW01/DW01_absval/cla/20/tcbn65gplusbc_4071/element.ddc
/home/linux/ieng6/oce/1l/cdrewes/synopsys_cache_Q-2019.12-SP5-3/DW02/DW_div_tc/cla/20/19/tcbn65gplusbc_4071/element.ddc
/home/linux/ieng6/oce/1l/cdrewes/synopsys_cache_Q-2019.12-SP5-3/DW02/DW_div/cla/20/19/1/1/tcbn65gplusbc_4071/element.ddc
/home/linux/ieng6/oce/1l/cdrewes/synopsys_cache_Q-2019.12-SP5-3/DW01/DW01_absval/cla/20/tcbn65gplusbc_4071/element.ddc
/home/linux/ieng6/oce/1l/cdrewes/synopsys_cache_Q-2019.12-SP5-3/DW01/DW01_absval/cla/20/tcbn65gplusbc_4071/element.ddc
/home/linux/ieng6/oce/1l/cdrewes/synopsys_cache_Q-2019.12-SP5-3/DW01/DW01_absval/cla/20/tcbn65gplusbc_4071/element.ddc
/home/linux/ieng6/oce/1l/cdrewes/synopsys_cache_Q-2019.12-SP5-3/DW01/DW01_absval/cla/20/tcbn65gplusbc_4071/element.ddc
/home/linux/ieng6/oce/1l/cdrewes/synopsys_cache_Q-2019.12-SP5-3/DW01/DW01_absval/cla/20/tcbn65gplusbc_4071/element.ddc
/home/linux/ieng6/oce/1l/cdrewes/synopsys_cache_Q-2019.12-SP5-3/DW01/DW01_absval/cla/20/tcbn65gplusbc_4071/element.ddc
/home/linux/ieng6/oce/1l/cdrewes/synopsys_cache_Q-2019.12-SP5-3/DW02/DW_div_tc/cla/20/19/tcbn65gplusbc_4071/element.ddc
/home/linux/ieng6/oce/1l/cdrewes/synopsys_cache_Q-2019.12-SP5-3/DW02/DW_div/cla/20/19/1/1/tcbn65gplusbc_4071/element.ddc
/home/linux/ieng6/oce/1l/cdrewes/synopsys_cache_Q-2019.12-SP5-3/DW01/DW01_absval/cla/20/tcbn65gplusbc_4071/element.ddc
/home/linux/ieng6/oce/1l/cdrewes/synopsys_cache_Q-2019.12-SP5-3/DW01/DW01_absval/cla/20/tcbn65gplusbc_4071/element.ddc
/home/linux/ieng6/oce/1l/cdrewes/synopsys_cache_Q-2019.12-SP5-3/DW01/DW01_absval/cla/20/tcbn65gplusbc_4071/element.ddc
/home/linux/ieng6/oce/1l/cdrewes/synopsys_cache_Q-2019.12-SP5-3/DW01/DW01_absval/cla/20/tcbn65gplusbc_4071/element.ddc
/home/linux/ieng6/oce/1l/cdrewes/synopsys_cache_Q-2019.12-SP5-3/DW01/DW01_absval/cla/20/tcbn65gplusbc_4071/element.ddc
/home/linux/ieng6/oce/1l/cdrewes/synopsys_cache_Q-2019.12-SP5-3/DW01/DW01_absval/cla/20/tcbn65gplusbc_4071/element.ddc
/home/linux/ieng6/oce/1l/cdrewes/synopsys_cache_Q-2019.12-SP5-3/DW02/DW_div_tc/cla/20/19/tcbn65gplusbc_4071/element.ddc
/home/linux/ieng6/oce/1l/cdrewes/synopsys_cache_Q-2019.12-SP5-3/DW02/DW_div/cla/20/19/1/1/tcbn65gplusbc_4071/element.ddc
/home/linux/ieng6/oce/1l/cdrewes/synopsys_cache_Q-2019.12-SP5-3/DW01/DW01_absval/cla/20/tcbn65gplusbc_4071/element.ddc
/home/linux/ieng6/oce/1l/cdrewes/synopsys_cache_Q-2019.12-SP5-3/DW01/DW01_absval/cla/20/tcbn65gplusbc_4071/element.ddc
/home/linux/ieng6/oce/1l/cdrewes/synopsys_cache_Q-2019.12-SP5-3/DW01/DW01_absval/cla/20/tcbn65gplusbc_4071/element.ddc
/home/linux/ieng6/oce/1l/cdrewes/synopsys_cache_Q-2019.12-SP5-3/DW01/DW01_absval/cla/20/tcbn65gplusbc_4071/element.ddc
/home/linux/ieng6/oce/1l/cdrewes/synopsys_cache_Q-2019.12-SP5-3/DW01/DW01_absval/cla/20/tcbn65gplusbc_4071/element.ddc
/home/linux/ieng6/oce/1l/cdrewes/synopsys_cache_Q-2019.12-SP5-3/DW01/DW01_absval/cla/20/tcbn65gplusbc_4071/element.ddc
/home/linux/ieng6/ee260bwi22/public/PDKdata/db/tcbn65gplusbc.db
