###############################################################
#  Generated by:      Cadence Innovus 19.17-s077_1
#  OS:                Linux x86_64(Host ID ieng6-641.ucsd.edu)
#  Generated on:      Mon Mar 14 15:33:08 2022
#  Design:            fullchip
#  Command:           verifyConnectivity
###############################################################
Verify Connectivity Report is created on Mon Mar 14 15:33:08 2022



Net VDD: has special routes with opens at (0.000, 622.635) (626.400, 622.965)
Net VDD: has special routes with opens at (0.000, 619.035) (626.400, 619.365)
Net VDD: has special routes with opens at (0.000, 615.435) (626.400, 615.765)
Net VDD: has special routes with opens at (0.000, 611.835) (626.400, 612.165)
Net VDD: has special routes with opens at (0.000, 608.235) (626.400, 608.565)
Net VDD: has special routes with opens at (0.000, 604.635) (626.400, 604.965)
Net VDD: has special routes with opens at (0.000, 601.035) (626.400, 601.365)
Net VDD: has special routes with opens at (0.000, 597.435) (626.400, 597.765)
Net VDD: has special routes with opens at (0.000, 593.835) (626.400, 594.165)
Net VDD: has special routes with opens at (0.000, 590.235) (626.400, 590.565)
Net VDD: has special routes with opens at (0.000, 586.635) (626.400, 586.965)
Net VDD: has special routes with opens at (0.000, 583.035) (626.400, 583.365)
Net VDD: has special routes with opens at (0.000, 579.435) (626.400, 579.765)
Net VDD: has special routes with opens at (0.000, 575.835) (626.400, 576.165)
Net VDD: has special routes with opens at (0.000, 572.235) (626.400, 572.565)
Net VDD: has special routes with opens at (0.000, 568.635) (626.400, 568.965)
Net VDD: has special routes with opens at (0.000, 565.035) (626.400, 565.365)
Net VDD: has special routes with opens at (0.000, 561.435) (626.400, 561.765)
Net VDD: has special routes with opens at (0.000, 557.835) (626.400, 558.165)
Net VDD: has special routes with opens at (0.000, 554.235) (626.400, 554.565)
Net VDD: has special routes with opens at (0.000, 550.635) (626.400, 550.965)
Net VDD: has special routes with opens at (0.000, 547.035) (626.400, 547.365)
Net VDD: has special routes with opens at (0.000, 543.435) (626.400, 543.765)
Net VDD: has special routes with opens at (0.000, 539.835) (626.400, 540.165)
Net VDD: has special routes with opens at (0.000, 536.235) (626.400, 536.565)
Net VDD: has special routes with opens at (0.000, 532.635) (626.400, 532.965)
Net VDD: has special routes with opens at (0.000, 529.035) (626.400, 529.365)
Net VDD: has special routes with opens at (0.000, 525.435) (626.400, 525.765)
Net VDD: has special routes with opens at (0.000, 521.835) (626.400, 522.165)
Net VDD: has special routes with opens at (0.000, 518.235) (626.400, 518.565)
Net VDD: has special routes with opens at (0.000, 514.635) (626.400, 514.965)
Net VDD: has special routes with opens at (0.000, 511.035) (626.400, 511.365)
Net VDD: has special routes with opens at (0.000, 507.435) (626.400, 507.765)
Net VDD: has special routes with opens at (0.000, 503.835) (626.400, 504.165)
Net VDD: has special routes with opens at (0.000, 500.235) (626.400, 500.565)
Net VDD: has special routes with opens at (0.000, 496.635) (626.400, 496.965)
Net VDD: has special routes with opens at (0.000, 493.035) (626.400, 493.365)
Net VDD: has special routes with opens at (0.000, 489.435) (626.400, 489.765)
Net VDD: has special routes with opens at (0.000, 485.835) (626.400, 486.165)
Net VDD: has special routes with opens at (0.000, 482.235) (626.400, 482.565)
Net VDD: has special routes with opens at (0.000, 478.635) (626.400, 478.965)
Net VDD: has special routes with opens at (0.000, 475.035) (626.400, 475.365)
Net VDD: has special routes with opens at (0.000, 471.435) (626.400, 471.765)
Net VDD: has special routes with opens at (0.000, 467.835) (626.400, 468.165)
Net VDD: has special routes with opens at (0.000, 464.235) (626.400, 464.565)
Net VDD: has special routes with opens at (0.000, 460.635) (626.400, 460.965)
Net VDD: has special routes with opens at (0.000, 457.035) (626.400, 457.365)
Net VDD: has special routes with opens at (0.000, 453.435) (626.400, 453.765)
Net VDD: has special routes with opens at (0.000, 449.835) (626.400, 450.165)
Net VDD: has special routes with opens at (0.000, 446.235) (626.400, 446.565)
Net VDD: has special routes with opens at (0.000, 442.635) (626.400, 442.965)
Net VDD: has special routes with opens at (0.000, 439.035) (626.400, 439.365)
Net VDD: has special routes with opens at (0.000, 435.435) (626.400, 435.765)
Net VDD: has special routes with opens at (0.000, 431.835) (626.400, 432.165)
Net VDD: has special routes with opens at (0.000, 428.235) (626.400, 428.565)
Net VDD: has special routes with opens at (0.000, 424.635) (626.400, 424.965)
Net VDD: has special routes with opens at (0.000, 421.035) (626.400, 421.365)
Net VDD: has special routes with opens at (0.000, 417.435) (626.400, 417.765)
Net VDD: has special routes with opens at (0.000, 413.835) (626.400, 414.165)
Net VDD: has special routes with opens at (0.000, 410.235) (626.400, 410.565)
Net VDD: has special routes with opens at (0.000, 406.635) (626.400, 406.965)
Net VDD: has special routes with opens at (0.000, 403.035) (626.400, 403.365)
Net VDD: has special routes with opens at (0.000, 399.435) (626.400, 399.765)
Net VDD: has special routes with opens at (0.000, 395.835) (626.400, 396.165)
Net VDD: has special routes with opens at (0.000, 392.235) (626.400, 392.565)
Net VDD: has special routes with opens at (0.000, 388.635) (626.400, 388.965)
Net VDD: has special routes with opens at (0.000, 385.035) (626.400, 385.365)
Net VDD: has special routes with opens at (0.000, 381.435) (626.400, 381.765)
Net VDD: has special routes with opens at (0.000, 377.835) (626.400, 378.165)
Net VDD: has special routes with opens at (0.000, 374.235) (626.400, 374.565)
Net VDD: has special routes with opens at (0.000, 370.635) (626.400, 370.965)
Net VDD: has special routes with opens at (0.000, 367.035) (626.400, 367.365)
Net VDD: has special routes with opens at (0.000, 363.435) (626.400, 363.765)
Net VDD: has special routes with opens at (0.000, 359.835) (626.400, 360.165)
Net VDD: has special routes with opens at (0.000, 356.235) (626.400, 356.565)
Net VDD: has special routes with opens at (0.000, 352.635) (626.400, 352.965)
Net VDD: has special routes with opens at (0.000, 349.035) (626.400, 349.365)
Net VDD: has special routes with opens at (0.000, 345.435) (626.400, 345.765)
Net VDD: has special routes with opens at (0.000, 341.835) (626.400, 342.165)
Net VDD: has special routes with opens at (0.000, 338.235) (626.400, 338.565)
Net VDD: has special routes with opens at (0.000, 334.635) (626.400, 334.965)
Net VDD: has special routes with opens at (0.000, 331.035) (626.400, 331.365)
Net VDD: has special routes with opens at (0.000, 327.435) (626.400, 327.765)
Net VDD: has special routes with opens at (0.000, 323.835) (626.400, 324.165)
Net VDD: has special routes with opens at (0.000, 320.235) (626.400, 320.565)
Net VDD: has special routes with opens at (0.000, 316.635) (626.400, 316.965)
Net VDD: has special routes with opens at (0.000, 313.035) (626.400, 313.365)
Net VDD: has special routes with opens at (0.000, 309.435) (626.400, 309.765)
Net VDD: has special routes with opens at (0.000, 305.835) (626.400, 306.165)
Net VDD: has special routes with opens at (0.000, 302.235) (626.400, 302.565)
Net VDD: has special routes with opens at (0.000, 298.635) (626.400, 298.965)
Net VDD: has special routes with opens at (0.000, 295.035) (626.400, 295.365)
Net VDD: has special routes with opens at (0.000, 291.435) (626.400, 291.765)
Net VDD: has special routes with opens at (0.000, 287.835) (626.400, 288.165)
Net VDD: has special routes with opens at (0.000, 284.235) (626.400, 284.565)
Net VDD: has special routes with opens at (0.000, 280.635) (626.400, 280.965)
Net VDD: has special routes with opens at (0.000, 277.035) (626.400, 277.365)
Net VDD: has special routes with opens at (0.000, 273.435) (626.400, 273.765)
Net VDD: has special routes with opens at (0.000, 269.835) (626.400, 270.165)
Net VDD: has special routes with opens at (0.000, 266.235) (626.400, 266.565)
Net VDD: has special routes with opens at (0.000, 262.635) (626.400, 262.965)
Net VDD: has special routes with opens at (0.000, 259.035) (626.400, 259.365)
Net VDD: has special routes with opens at (0.000, 255.435) (626.400, 255.765)
Net VDD: has special routes with opens at (0.000, 251.835) (626.400, 252.165)
Net VDD: has special routes with opens at (0.000, 248.235) (626.400, 248.565)
Net VDD: has special routes with opens at (0.000, 244.635) (626.400, 244.965)
Net VDD: has special routes with opens at (0.000, 241.035) (626.400, 241.365)
Net VDD: has special routes with opens at (0.000, 237.435) (626.400, 237.765)
Net VDD: has special routes with opens at (0.000, 233.835) (626.400, 234.165)
Net VDD: has special routes with opens at (0.000, 230.235) (626.400, 230.565)
Net VDD: has special routes with opens at (0.000, 226.635) (626.400, 226.965)
Net VDD: has special routes with opens at (0.000, 223.035) (626.400, 223.365)
Net VDD: has special routes with opens at (0.000, 219.435) (626.400, 219.765)
Net VDD: has special routes with opens at (0.000, 215.835) (626.400, 216.165)
Net VDD: has special routes with opens at (0.000, 212.235) (626.400, 212.565)
Net VDD: has special routes with opens at (0.000, 208.635) (626.400, 208.965)
Net VDD: has special routes with opens at (0.000, 205.035) (626.400, 205.365)
Net VDD: has special routes with opens at (0.000, 201.435) (626.400, 201.765)
Net VDD: has special routes with opens at (0.000, 197.835) (626.400, 198.165)
Net VDD: has special routes with opens at (0.000, 194.235) (626.400, 194.565)
Net VDD: has special routes with opens at (0.000, 190.635) (626.400, 190.965)
Net VDD: has special routes with opens at (0.000, 187.035) (626.400, 187.365)
Net VDD: has special routes with opens at (0.000, 183.435) (626.400, 183.765)
Net VDD: has special routes with opens at (0.000, 179.835) (626.400, 180.165)
Net VDD: has special routes with opens at (0.000, 176.235) (626.400, 176.565)
Net VDD: has special routes with opens at (0.000, 172.635) (626.400, 172.965)
Net VDD: has special routes with opens at (0.000, 169.035) (626.400, 169.365)
Net VDD: has special routes with opens at (0.000, 165.435) (626.400, 165.765)
Net VDD: has special routes with opens at (0.000, 161.835) (626.400, 162.165)
Net VDD: has special routes with opens at (0.000, 158.235) (626.400, 158.565)
Net VDD: has special routes with opens at (0.000, 154.635) (626.400, 154.965)
Net VDD: has special routes with opens at (0.000, 151.035) (626.400, 151.365)
Net VDD: has special routes with opens at (0.000, 147.435) (626.400, 147.765)
Net VDD: has special routes with opens at (0.000, 143.835) (626.400, 144.165)
Net VDD: has special routes with opens at (0.000, 140.235) (626.400, 140.565)
Net VDD: has special routes with opens at (0.000, 136.635) (626.400, 136.965)
Net VDD: has special routes with opens at (0.000, 133.035) (626.400, 133.365)
Net VDD: has special routes with opens at (0.000, 129.435) (626.400, 129.765)
Net VDD: has special routes with opens at (0.000, 125.835) (626.400, 126.165)
Net VDD: has special routes with opens at (0.000, 122.235) (626.400, 122.565)
Net VDD: has special routes with opens at (0.000, 118.635) (626.400, 118.965)
Net VDD: has special routes with opens at (0.000, 115.035) (626.400, 115.365)
Net VDD: has special routes with opens at (0.000, 111.435) (626.400, 111.765)
Net VDD: has special routes with opens at (0.000, 107.835) (626.400, 108.165)
Net VDD: has special routes with opens at (0.000, 104.235) (626.400, 104.565)
Net VDD: has special routes with opens at (0.000, 100.635) (626.400, 100.965)
Net VDD: has special routes with opens at (0.000, 97.035) (626.400, 97.365)
Net VDD: has special routes with opens at (0.000, 93.435) (626.400, 93.765)
Net VDD: has special routes with opens at (0.000, 89.835) (626.400, 90.165)
Net VDD: has special routes with opens at (0.000, 86.235) (626.400, 86.565)
Net VDD: has special routes with opens at (0.000, 82.635) (626.400, 82.965)
Net VDD: has special routes with opens at (0.000, 79.035) (626.400, 79.365)
Net VDD: has special routes with opens at (0.000, 75.435) (626.400, 75.765)
Net VDD: has special routes with opens at (0.000, 71.835) (626.400, 72.165)
Net VDD: has special routes with opens at (0.000, 68.235) (626.400, 68.565)
Net VDD: has special routes with opens at (0.000, 64.635) (626.400, 64.965)
Net VDD: has special routes with opens at (0.000, 61.035) (626.400, 61.365)
Net VDD: has special routes with opens at (0.000, 57.435) (626.400, 57.765)
Net VDD: has special routes with opens at (0.000, 53.835) (626.400, 54.165)
Net VDD: has special routes with opens at (0.000, 50.235) (626.400, 50.565)
Net VDD: has special routes with opens at (0.000, 46.635) (626.400, 46.965)
Net VDD: has special routes with opens at (0.000, 43.035) (626.400, 43.365)
Net VDD: has special routes with opens at (0.000, 39.435) (626.400, 39.765)
Net VDD: has special routes with opens at (0.000, 35.835) (626.400, 36.165)
Net VDD: has special routes with opens at (0.000, 32.235) (626.400, 32.565)
Net VDD: has special routes with opens at (0.000, 28.635) (626.400, 28.965)
Net VDD: has special routes with opens at (0.000, 25.035) (626.400, 25.365)
Net VDD: has special routes with opens at (0.000, 21.435) (626.400, 21.765)
Net VDD: has special routes with opens at (0.000, 17.835) (626.400, 18.165)
Net VDD: has special routes with opens at (0.000, 14.235) (626.400, 14.565)
Net VDD: has special routes with opens at (0.000, 10.635) (626.400, 10.965)
Net VDD: has special routes with opens at (0.000, 7.035) (626.400, 7.365)
Net VDD: has special routes with opens at (0.000, 3.435) (626.400, 3.765)
Net VDD: has special routes with opens at (0.000, -0.165) (626.400, 0.165)
Net VDD: dangling Wire at (0.000, 622.800) (0.000, 622.800) on layer: M1
Net VDD: dangling Wire at (626.400, 622.800) (626.400, 622.800) on layer: M1
Net VDD: dangling Wire at (0.000, 619.200) (0.000, 619.200) on layer: M1
Net VDD: dangling Wire at (626.400, 619.200) (626.400, 619.200) on layer: M1
Net VDD: dangling Wire at (0.000, 615.600) (0.000, 615.600) on layer: M1
Net VDD: dangling Wire at (626.400, 615.600) (626.400, 615.600) on layer: M1
Net VDD: dangling Wire at (0.000, 612.000) (0.000, 612.000) on layer: M1
Net VDD: dangling Wire at (626.400, 612.000) (626.400, 612.000) on layer: M1
Net VDD: dangling Wire at (0.000, 608.400) (0.000, 608.400) on layer: M1
Net VDD: dangling Wire at (626.400, 608.400) (626.400, 608.400) on layer: M1
Net VDD: dangling Wire at (0.000, 604.800) (0.000, 604.800) on layer: M1
Net VDD: dangling Wire at (626.400, 604.800) (626.400, 604.800) on layer: M1
Net VDD: dangling Wire at (0.000, 601.200) (0.000, 601.200) on layer: M1
Net VDD: dangling Wire at (626.400, 601.200) (626.400, 601.200) on layer: M1
Net VDD: dangling Wire at (0.000, 597.600) (0.000, 597.600) on layer: M1
Net VDD: dangling Wire at (626.400, 597.600) (626.400, 597.600) on layer: M1
Net VDD: dangling Wire at (0.000, 594.000) (0.000, 594.000) on layer: M1
Net VDD: dangling Wire at (626.400, 594.000) (626.400, 594.000) on layer: M1
Net VDD: dangling Wire at (0.000, 590.400) (0.000, 590.400) on layer: M1
Net VDD: dangling Wire at (626.400, 590.400) (626.400, 590.400) on layer: M1
Net VDD: dangling Wire at (0.000, 586.800) (0.000, 586.800) on layer: M1
Net VDD: dangling Wire at (626.400, 586.800) (626.400, 586.800) on layer: M1
Net VDD: dangling Wire at (0.000, 583.200) (0.000, 583.200) on layer: M1
Net VDD: dangling Wire at (626.400, 583.200) (626.400, 583.200) on layer: M1
Net VDD: dangling Wire at (0.000, 579.600) (0.000, 579.600) on layer: M1
Net VDD: dangling Wire at (626.400, 579.600) (626.400, 579.600) on layer: M1
Net VDD: dangling Wire at (0.000, 576.000) (0.000, 576.000) on layer: M1
Net VDD: dangling Wire at (626.400, 576.000) (626.400, 576.000) on layer: M1
Net VDD: dangling Wire at (0.000, 572.400) (0.000, 572.400) on layer: M1
Net VDD: dangling Wire at (626.400, 572.400) (626.400, 572.400) on layer: M1
Net VDD: dangling Wire at (0.000, 568.800) (0.000, 568.800) on layer: M1
Net VDD: dangling Wire at (626.400, 568.800) (626.400, 568.800) on layer: M1
Net VDD: dangling Wire at (0.000, 565.200) (0.000, 565.200) on layer: M1
Net VDD: dangling Wire at (626.400, 565.200) (626.400, 565.200) on layer: M1
Net VDD: dangling Wire at (0.000, 561.600) (0.000, 561.600) on layer: M1
Net VDD: dangling Wire at (626.400, 561.600) (626.400, 561.600) on layer: M1
Net VDD: dangling Wire at (0.000, 558.000) (0.000, 558.000) on layer: M1
Net VDD: dangling Wire at (626.400, 558.000) (626.400, 558.000) on layer: M1
Net VDD: dangling Wire at (0.000, 554.400) (0.000, 554.400) on layer: M1
Net VDD: dangling Wire at (626.400, 554.400) (626.400, 554.400) on layer: M1
Net VDD: dangling Wire at (0.000, 550.800) (0.000, 550.800) on layer: M1
Net VDD: dangling Wire at (626.400, 550.800) (626.400, 550.800) on layer: M1
Net VDD: dangling Wire at (0.000, 547.200) (0.000, 547.200) on layer: M1
Net VDD: dangling Wire at (626.400, 547.200) (626.400, 547.200) on layer: M1
Net VDD: dangling Wire at (0.000, 543.600) (0.000, 543.600) on layer: M1
Net VDD: dangling Wire at (626.400, 543.600) (626.400, 543.600) on layer: M1
Net VDD: dangling Wire at (0.000, 540.000) (0.000, 540.000) on layer: M1
Net VDD: dangling Wire at (626.400, 540.000) (626.400, 540.000) on layer: M1
Net VDD: dangling Wire at (0.000, 536.400) (0.000, 536.400) on layer: M1
Net VDD: dangling Wire at (626.400, 536.400) (626.400, 536.400) on layer: M1
Net VDD: dangling Wire at (0.000, 532.800) (0.000, 532.800) on layer: M1
Net VDD: dangling Wire at (626.400, 532.800) (626.400, 532.800) on layer: M1
Net VDD: dangling Wire at (0.000, 529.200) (0.000, 529.200) on layer: M1
Net VDD: dangling Wire at (626.400, 529.200) (626.400, 529.200) on layer: M1
Net VDD: dangling Wire at (0.000, 525.600) (0.000, 525.600) on layer: M1
Net VDD: dangling Wire at (626.400, 525.600) (626.400, 525.600) on layer: M1
Net VDD: dangling Wire at (0.000, 522.000) (0.000, 522.000) on layer: M1
Net VDD: dangling Wire at (626.400, 522.000) (626.400, 522.000) on layer: M1
Net VDD: dangling Wire at (0.000, 518.400) (0.000, 518.400) on layer: M1
Net VDD: dangling Wire at (626.400, 518.400) (626.400, 518.400) on layer: M1
Net VDD: dangling Wire at (0.000, 514.800) (0.000, 514.800) on layer: M1
Net VDD: dangling Wire at (626.400, 514.800) (626.400, 514.800) on layer: M1
Net VDD: dangling Wire at (0.000, 511.200) (0.000, 511.200) on layer: M1
Net VDD: dangling Wire at (626.400, 511.200) (626.400, 511.200) on layer: M1
Net VDD: dangling Wire at (0.000, 507.600) (0.000, 507.600) on layer: M1
Net VDD: dangling Wire at (626.400, 507.600) (626.400, 507.600) on layer: M1
Net VDD: dangling Wire at (0.000, 504.000) (0.000, 504.000) on layer: M1
Net VDD: dangling Wire at (626.400, 504.000) (626.400, 504.000) on layer: M1
Net VDD: dangling Wire at (0.000, 500.400) (0.000, 500.400) on layer: M1
Net VDD: dangling Wire at (626.400, 500.400) (626.400, 500.400) on layer: M1
Net VDD: dangling Wire at (0.000, 496.800) (0.000, 496.800) on layer: M1
Net VDD: dangling Wire at (626.400, 496.800) (626.400, 496.800) on layer: M1
Net VDD: dangling Wire at (0.000, 493.200) (0.000, 493.200) on layer: M1
Net VDD: dangling Wire at (626.400, 493.200) (626.400, 493.200) on layer: M1
Net VDD: dangling Wire at (0.000, 489.600) (0.000, 489.600) on layer: M1
Net VDD: dangling Wire at (626.400, 489.600) (626.400, 489.600) on layer: M1
Net VDD: dangling Wire at (0.000, 486.000) (0.000, 486.000) on layer: M1
Net VDD: dangling Wire at (626.400, 486.000) (626.400, 486.000) on layer: M1
Net VDD: dangling Wire at (0.000, 482.400) (0.000, 482.400) on layer: M1
Net VDD: dangling Wire at (626.400, 482.400) (626.400, 482.400) on layer: M1
Net VDD: dangling Wire at (0.000, 478.800) (0.000, 478.800) on layer: M1
Net VDD: dangling Wire at (626.400, 478.800) (626.400, 478.800) on layer: M1
Net VDD: dangling Wire at (0.000, 475.200) (0.000, 475.200) on layer: M1
Net VDD: dangling Wire at (626.400, 475.200) (626.400, 475.200) on layer: M1
Net VDD: dangling Wire at (0.000, 471.600) (0.000, 471.600) on layer: M1
Net VDD: dangling Wire at (626.400, 471.600) (626.400, 471.600) on layer: M1
Net VDD: dangling Wire at (0.000, 468.000) (0.000, 468.000) on layer: M1
Net VDD: dangling Wire at (626.400, 468.000) (626.400, 468.000) on layer: M1
Net VDD: dangling Wire at (0.000, 464.400) (0.000, 464.400) on layer: M1
Net VDD: dangling Wire at (626.400, 464.400) (626.400, 464.400) on layer: M1
Net VDD: dangling Wire at (0.000, 460.800) (0.000, 460.800) on layer: M1
Net VDD: dangling Wire at (626.400, 460.800) (626.400, 460.800) on layer: M1
Net VDD: dangling Wire at (0.000, 457.200) (0.000, 457.200) on layer: M1
Net VDD: dangling Wire at (626.400, 457.200) (626.400, 457.200) on layer: M1
Net VDD: dangling Wire at (0.000, 453.600) (0.000, 453.600) on layer: M1
Net VDD: dangling Wire at (626.400, 453.600) (626.400, 453.600) on layer: M1
Net VDD: dangling Wire at (0.000, 450.000) (0.000, 450.000) on layer: M1
Net VDD: dangling Wire at (626.400, 450.000) (626.400, 450.000) on layer: M1
Net VDD: dangling Wire at (0.000, 446.400) (0.000, 446.400) on layer: M1
Net VDD: dangling Wire at (626.400, 446.400) (626.400, 446.400) on layer: M1
Net VDD: dangling Wire at (0.000, 442.800) (0.000, 442.800) on layer: M1
Net VDD: dangling Wire at (626.400, 442.800) (626.400, 442.800) on layer: M1
Net VDD: dangling Wire at (0.000, 439.200) (0.000, 439.200) on layer: M1
Net VDD: dangling Wire at (626.400, 439.200) (626.400, 439.200) on layer: M1
Net VDD: dangling Wire at (0.000, 435.600) (0.000, 435.600) on layer: M1
Net VDD: dangling Wire at (626.400, 435.600) (626.400, 435.600) on layer: M1
Net VDD: dangling Wire at (0.000, 432.000) (0.000, 432.000) on layer: M1
Net VDD: dangling Wire at (626.400, 432.000) (626.400, 432.000) on layer: M1
Net VDD: dangling Wire at (0.000, 428.400) (0.000, 428.400) on layer: M1
Net VDD: dangling Wire at (626.400, 428.400) (626.400, 428.400) on layer: M1
Net VDD: dangling Wire at (0.000, 424.800) (0.000, 424.800) on layer: M1
Net VDD: dangling Wire at (626.400, 424.800) (626.400, 424.800) on layer: M1
Net VDD: dangling Wire at (0.000, 421.200) (0.000, 421.200) on layer: M1
Net VDD: dangling Wire at (626.400, 421.200) (626.400, 421.200) on layer: M1
Net VDD: dangling Wire at (0.000, 417.600) (0.000, 417.600) on layer: M1
Net VDD: dangling Wire at (626.400, 417.600) (626.400, 417.600) on layer: M1
Net VDD: dangling Wire at (0.000, 414.000) (0.000, 414.000) on layer: M1
Net VDD: dangling Wire at (626.400, 414.000) (626.400, 414.000) on layer: M1
Net VDD: dangling Wire at (0.000, 410.400) (0.000, 410.400) on layer: M1
Net VDD: dangling Wire at (626.400, 410.400) (626.400, 410.400) on layer: M1
Net VDD: dangling Wire at (0.000, 406.800) (0.000, 406.800) on layer: M1
Net VDD: dangling Wire at (626.400, 406.800) (626.400, 406.800) on layer: M1
Net VDD: dangling Wire at (0.000, 403.200) (0.000, 403.200) on layer: M1
Net VDD: dangling Wire at (626.400, 403.200) (626.400, 403.200) on layer: M1
Net VDD: dangling Wire at (0.000, 399.600) (0.000, 399.600) on layer: M1
Net VDD: dangling Wire at (626.400, 399.600) (626.400, 399.600) on layer: M1
Net VDD: dangling Wire at (0.000, 396.000) (0.000, 396.000) on layer: M1
Net VDD: dangling Wire at (626.400, 396.000) (626.400, 396.000) on layer: M1
Net VDD: dangling Wire at (0.000, 392.400) (0.000, 392.400) on layer: M1
Net VDD: dangling Wire at (626.400, 392.400) (626.400, 392.400) on layer: M1
Net VDD: dangling Wire at (0.000, 388.800) (0.000, 388.800) on layer: M1
Net VDD: dangling Wire at (626.400, 388.800) (626.400, 388.800) on layer: M1
Net VDD: dangling Wire at (0.000, 385.200) (0.000, 385.200) on layer: M1
Net VDD: dangling Wire at (626.400, 385.200) (626.400, 385.200) on layer: M1
Net VDD: dangling Wire at (0.000, 381.600) (0.000, 381.600) on layer: M1
Net VDD: dangling Wire at (626.400, 381.600) (626.400, 381.600) on layer: M1
Net VDD: dangling Wire at (0.000, 378.000) (0.000, 378.000) on layer: M1
Net VDD: dangling Wire at (626.400, 378.000) (626.400, 378.000) on layer: M1
Net VDD: dangling Wire at (0.000, 374.400) (0.000, 374.400) on layer: M1
Net VDD: dangling Wire at (626.400, 374.400) (626.400, 374.400) on layer: M1
Net VDD: dangling Wire at (0.000, 370.800) (0.000, 370.800) on layer: M1
Net VDD: dangling Wire at (626.400, 370.800) (626.400, 370.800) on layer: M1
Net VDD: dangling Wire at (0.000, 367.200) (0.000, 367.200) on layer: M1
Net VDD: dangling Wire at (626.400, 367.200) (626.400, 367.200) on layer: M1
Net VDD: dangling Wire at (0.000, 363.600) (0.000, 363.600) on layer: M1
Net VDD: dangling Wire at (626.400, 363.600) (626.400, 363.600) on layer: M1
Net VDD: dangling Wire at (0.000, 360.000) (0.000, 360.000) on layer: M1
Net VDD: dangling Wire at (626.400, 360.000) (626.400, 360.000) on layer: M1
Net VDD: dangling Wire at (0.000, 356.400) (0.000, 356.400) on layer: M1
Net VDD: dangling Wire at (626.400, 356.400) (626.400, 356.400) on layer: M1
Net VDD: dangling Wire at (0.000, 352.800) (0.000, 352.800) on layer: M1
Net VDD: dangling Wire at (626.400, 352.800) (626.400, 352.800) on layer: M1
Net VDD: dangling Wire at (0.000, 349.200) (0.000, 349.200) on layer: M1
Net VDD: dangling Wire at (626.400, 349.200) (626.400, 349.200) on layer: M1
Net VDD: dangling Wire at (0.000, 345.600) (0.000, 345.600) on layer: M1
Net VDD: dangling Wire at (626.400, 345.600) (626.400, 345.600) on layer: M1
Net VDD: dangling Wire at (0.000, 342.000) (0.000, 342.000) on layer: M1
Net VDD: dangling Wire at (626.400, 342.000) (626.400, 342.000) on layer: M1
Net VDD: dangling Wire at (0.000, 338.400) (0.000, 338.400) on layer: M1
Net VDD: dangling Wire at (626.400, 338.400) (626.400, 338.400) on layer: M1
Net VDD: dangling Wire at (0.000, 334.800) (0.000, 334.800) on layer: M1
Net VDD: dangling Wire at (626.400, 334.800) (626.400, 334.800) on layer: M1
Net VDD: dangling Wire at (0.000, 331.200) (0.000, 331.200) on layer: M1
Net VDD: dangling Wire at (626.400, 331.200) (626.400, 331.200) on layer: M1
Net VDD: dangling Wire at (0.000, 327.600) (0.000, 327.600) on layer: M1
Net VDD: dangling Wire at (626.400, 327.600) (626.400, 327.600) on layer: M1
Net VDD: dangling Wire at (0.000, 324.000) (0.000, 324.000) on layer: M1
Net VDD: dangling Wire at (626.400, 324.000) (626.400, 324.000) on layer: M1
Net VDD: dangling Wire at (0.000, 320.400) (0.000, 320.400) on layer: M1
Net VDD: dangling Wire at (626.400, 320.400) (626.400, 320.400) on layer: M1
Net VDD: dangling Wire at (0.000, 316.800) (0.000, 316.800) on layer: M1
Net VDD: dangling Wire at (626.400, 316.800) (626.400, 316.800) on layer: M1
Net VDD: dangling Wire at (0.000, 313.200) (0.000, 313.200) on layer: M1
Net VDD: dangling Wire at (626.400, 313.200) (626.400, 313.200) on layer: M1
Net VDD: dangling Wire at (0.000, 309.600) (0.000, 309.600) on layer: M1
Net VDD: dangling Wire at (626.400, 309.600) (626.400, 309.600) on layer: M1
Net VDD: dangling Wire at (0.000, 306.000) (0.000, 306.000) on layer: M1
Net VDD: dangling Wire at (626.400, 306.000) (626.400, 306.000) on layer: M1
Net VDD: dangling Wire at (0.000, 302.400) (0.000, 302.400) on layer: M1
Net VDD: dangling Wire at (626.400, 302.400) (626.400, 302.400) on layer: M1
Net VDD: dangling Wire at (0.000, 298.800) (0.000, 298.800) on layer: M1
Net VDD: dangling Wire at (626.400, 298.800) (626.400, 298.800) on layer: M1
Net VDD: dangling Wire at (0.000, 295.200) (0.000, 295.200) on layer: M1
Net VDD: dangling Wire at (626.400, 295.200) (626.400, 295.200) on layer: M1
Net VDD: dangling Wire at (0.000, 291.600) (0.000, 291.600) on layer: M1
Net VDD: dangling Wire at (626.400, 291.600) (626.400, 291.600) on layer: M1
Net VDD: dangling Wire at (0.000, 288.000) (0.000, 288.000) on layer: M1
Net VDD: dangling Wire at (626.400, 288.000) (626.400, 288.000) on layer: M1
Net VDD: dangling Wire at (0.000, 284.400) (0.000, 284.400) on layer: M1
Net VDD: dangling Wire at (626.400, 284.400) (626.400, 284.400) on layer: M1
Net VDD: dangling Wire at (0.000, 280.800) (0.000, 280.800) on layer: M1
Net VDD: dangling Wire at (626.400, 280.800) (626.400, 280.800) on layer: M1
Net VDD: dangling Wire at (0.000, 277.200) (0.000, 277.200) on layer: M1
Net VDD: dangling Wire at (626.400, 277.200) (626.400, 277.200) on layer: M1
Net VDD: dangling Wire at (0.000, 273.600) (0.000, 273.600) on layer: M1
Net VDD: dangling Wire at (626.400, 273.600) (626.400, 273.600) on layer: M1
Net VDD: dangling Wire at (0.000, 270.000) (0.000, 270.000) on layer: M1
Net VDD: dangling Wire at (626.400, 270.000) (626.400, 270.000) on layer: M1
Net VDD: dangling Wire at (0.000, 266.400) (0.000, 266.400) on layer: M1
Net VDD: dangling Wire at (626.400, 266.400) (626.400, 266.400) on layer: M1
Net VDD: dangling Wire at (0.000, 262.800) (0.000, 262.800) on layer: M1
Net VDD: dangling Wire at (626.400, 262.800) (626.400, 262.800) on layer: M1
Net VDD: dangling Wire at (0.000, 259.200) (0.000, 259.200) on layer: M1
Net VDD: dangling Wire at (626.400, 259.200) (626.400, 259.200) on layer: M1
Net VDD: dangling Wire at (0.000, 255.600) (0.000, 255.600) on layer: M1
Net VDD: dangling Wire at (626.400, 255.600) (626.400, 255.600) on layer: M1
Net VDD: dangling Wire at (0.000, 252.000) (0.000, 252.000) on layer: M1
Net VDD: dangling Wire at (626.400, 252.000) (626.400, 252.000) on layer: M1
Net VDD: dangling Wire at (0.000, 248.400) (0.000, 248.400) on layer: M1
Net VDD: dangling Wire at (626.400, 248.400) (626.400, 248.400) on layer: M1
Net VDD: dangling Wire at (0.000, 244.800) (0.000, 244.800) on layer: M1
Net VDD: dangling Wire at (626.400, 244.800) (626.400, 244.800) on layer: M1
Net VDD: dangling Wire at (0.000, 241.200) (0.000, 241.200) on layer: M1
Net VDD: dangling Wire at (626.400, 241.200) (626.400, 241.200) on layer: M1
Net VDD: dangling Wire at (0.000, 237.600) (0.000, 237.600) on layer: M1
Net VDD: dangling Wire at (626.400, 237.600) (626.400, 237.600) on layer: M1
Net VDD: dangling Wire at (0.000, 234.000) (0.000, 234.000) on layer: M1
Net VDD: dangling Wire at (626.400, 234.000) (626.400, 234.000) on layer: M1
Net VDD: dangling Wire at (0.000, 230.400) (0.000, 230.400) on layer: M1
Net VDD: dangling Wire at (626.400, 230.400) (626.400, 230.400) on layer: M1
Net VDD: dangling Wire at (0.000, 226.800) (0.000, 226.800) on layer: M1
Net VDD: dangling Wire at (626.400, 226.800) (626.400, 226.800) on layer: M1
Net VDD: dangling Wire at (0.000, 223.200) (0.000, 223.200) on layer: M1
Net VDD: dangling Wire at (626.400, 223.200) (626.400, 223.200) on layer: M1
Net VDD: dangling Wire at (0.000, 219.600) (0.000, 219.600) on layer: M1
Net VDD: dangling Wire at (626.400, 219.600) (626.400, 219.600) on layer: M1
Net VDD: dangling Wire at (0.000, 216.000) (0.000, 216.000) on layer: M1
Net VDD: dangling Wire at (626.400, 216.000) (626.400, 216.000) on layer: M1
Net VDD: dangling Wire at (0.000, 212.400) (0.000, 212.400) on layer: M1
Net VDD: dangling Wire at (626.400, 212.400) (626.400, 212.400) on layer: M1
Net VDD: dangling Wire at (0.000, 208.800) (0.000, 208.800) on layer: M1
Net VDD: dangling Wire at (626.400, 208.800) (626.400, 208.800) on layer: M1
Net VDD: dangling Wire at (0.000, 205.200) (0.000, 205.200) on layer: M1
Net VDD: dangling Wire at (626.400, 205.200) (626.400, 205.200) on layer: M1
Net VDD: dangling Wire at (0.000, 201.600) (0.000, 201.600) on layer: M1
Net VDD: dangling Wire at (626.400, 201.600) (626.400, 201.600) on layer: M1
Net VDD: dangling Wire at (0.000, 198.000) (0.000, 198.000) on layer: M1
Net VDD: dangling Wire at (626.400, 198.000) (626.400, 198.000) on layer: M1
Net VDD: dangling Wire at (0.000, 194.400) (0.000, 194.400) on layer: M1
Net VDD: dangling Wire at (626.400, 194.400) (626.400, 194.400) on layer: M1
Net VDD: dangling Wire at (0.000, 190.800) (0.000, 190.800) on layer: M1
Net VDD: dangling Wire at (626.400, 190.800) (626.400, 190.800) on layer: M1
Net VDD: dangling Wire at (0.000, 187.200) (0.000, 187.200) on layer: M1
Net VDD: dangling Wire at (626.400, 187.200) (626.400, 187.200) on layer: M1
Net VDD: dangling Wire at (0.000, 183.600) (0.000, 183.600) on layer: M1
Net VDD: dangling Wire at (626.400, 183.600) (626.400, 183.600) on layer: M1
Net VDD: dangling Wire at (0.000, 180.000) (0.000, 180.000) on layer: M1
Net VDD: dangling Wire at (626.400, 180.000) (626.400, 180.000) on layer: M1
Net VDD: dangling Wire at (0.000, 176.400) (0.000, 176.400) on layer: M1
Net VDD: dangling Wire at (626.400, 176.400) (626.400, 176.400) on layer: M1
Net VDD: dangling Wire at (0.000, 172.800) (0.000, 172.800) on layer: M1
Net VDD: dangling Wire at (626.400, 172.800) (626.400, 172.800) on layer: M1
Net VDD: dangling Wire at (0.000, 169.200) (0.000, 169.200) on layer: M1
Net VDD: dangling Wire at (626.400, 169.200) (626.400, 169.200) on layer: M1
Net VDD: dangling Wire at (0.000, 165.600) (0.000, 165.600) on layer: M1
Net VDD: dangling Wire at (626.400, 165.600) (626.400, 165.600) on layer: M1
Net VDD: dangling Wire at (0.000, 162.000) (0.000, 162.000) on layer: M1
Net VDD: dangling Wire at (626.400, 162.000) (626.400, 162.000) on layer: M1
Net VDD: dangling Wire at (0.000, 158.400) (0.000, 158.400) on layer: M1
Net VDD: dangling Wire at (626.400, 158.400) (626.400, 158.400) on layer: M1
Net VDD: dangling Wire at (0.000, 154.800) (0.000, 154.800) on layer: M1
Net VDD: dangling Wire at (626.400, 154.800) (626.400, 154.800) on layer: M1
Net VDD: dangling Wire at (0.000, 151.200) (0.000, 151.200) on layer: M1
Net VDD: dangling Wire at (626.400, 151.200) (626.400, 151.200) on layer: M1
Net VDD: dangling Wire at (0.000, 147.600) (0.000, 147.600) on layer: M1
Net VDD: dangling Wire at (626.400, 147.600) (626.400, 147.600) on layer: M1
Net VDD: dangling Wire at (0.000, 144.000) (0.000, 144.000) on layer: M1
Net VDD: dangling Wire at (626.400, 144.000) (626.400, 144.000) on layer: M1
Net VDD: dangling Wire at (0.000, 140.400) (0.000, 140.400) on layer: M1
Net VDD: dangling Wire at (626.400, 140.400) (626.400, 140.400) on layer: M1
Net VDD: dangling Wire at (0.000, 136.800) (0.000, 136.800) on layer: M1
Net VDD: dangling Wire at (626.400, 136.800) (626.400, 136.800) on layer: M1
Net VDD: dangling Wire at (0.000, 133.200) (0.000, 133.200) on layer: M1
Net VDD: dangling Wire at (626.400, 133.200) (626.400, 133.200) on layer: M1
Net VDD: dangling Wire at (0.000, 129.600) (0.000, 129.600) on layer: M1
Net VDD: dangling Wire at (626.400, 129.600) (626.400, 129.600) on layer: M1
Net VDD: dangling Wire at (0.000, 126.000) (0.000, 126.000) on layer: M1
Net VDD: dangling Wire at (626.400, 126.000) (626.400, 126.000) on layer: M1
Net VDD: dangling Wire at (0.000, 122.400) (0.000, 122.400) on layer: M1
Net VDD: dangling Wire at (626.400, 122.400) (626.400, 122.400) on layer: M1
Net VDD: dangling Wire at (0.000, 118.800) (0.000, 118.800) on layer: M1
Net VDD: dangling Wire at (626.400, 118.800) (626.400, 118.800) on layer: M1
Net VDD: dangling Wire at (0.000, 115.200) (0.000, 115.200) on layer: M1
Net VDD: dangling Wire at (626.400, 115.200) (626.400, 115.200) on layer: M1
Net VDD: dangling Wire at (0.000, 111.600) (0.000, 111.600) on layer: M1
Net VDD: dangling Wire at (626.400, 111.600) (626.400, 111.600) on layer: M1
Net VDD: dangling Wire at (0.000, 108.000) (0.000, 108.000) on layer: M1
Net VDD: dangling Wire at (626.400, 108.000) (626.400, 108.000) on layer: M1
Net VDD: dangling Wire at (0.000, 104.400) (0.000, 104.400) on layer: M1
Net VDD: dangling Wire at (626.400, 104.400) (626.400, 104.400) on layer: M1
Net VDD: dangling Wire at (0.000, 100.800) (0.000, 100.800) on layer: M1
Net VDD: dangling Wire at (626.400, 100.800) (626.400, 100.800) on layer: M1
Net VDD: dangling Wire at (0.000, 97.200) (0.000, 97.200) on layer: M1
Net VDD: dangling Wire at (626.400, 97.200) (626.400, 97.200) on layer: M1
Net VDD: dangling Wire at (0.000, 93.600) (0.000, 93.600) on layer: M1
Net VDD: dangling Wire at (626.400, 93.600) (626.400, 93.600) on layer: M1
Net VDD: dangling Wire at (0.000, 90.000) (0.000, 90.000) on layer: M1
Net VDD: dangling Wire at (626.400, 90.000) (626.400, 90.000) on layer: M1
Net VDD: dangling Wire at (0.000, 86.400) (0.000, 86.400) on layer: M1
Net VDD: dangling Wire at (626.400, 86.400) (626.400, 86.400) on layer: M1
Net VDD: dangling Wire at (0.000, 82.800) (0.000, 82.800) on layer: M1
Net VDD: dangling Wire at (626.400, 82.800) (626.400, 82.800) on layer: M1
Net VDD: dangling Wire at (0.000, 79.200) (0.000, 79.200) on layer: M1
Net VDD: dangling Wire at (626.400, 79.200) (626.400, 79.200) on layer: M1
Net VDD: dangling Wire at (0.000, 75.600) (0.000, 75.600) on layer: M1
Net VDD: dangling Wire at (626.400, 75.600) (626.400, 75.600) on layer: M1
Net VDD: dangling Wire at (0.000, 72.000) (0.000, 72.000) on layer: M1
Net VDD: dangling Wire at (626.400, 72.000) (626.400, 72.000) on layer: M1
Net VDD: dangling Wire at (0.000, 68.400) (0.000, 68.400) on layer: M1
Net VDD: dangling Wire at (626.400, 68.400) (626.400, 68.400) on layer: M1
Net VDD: dangling Wire at (0.000, 64.800) (0.000, 64.800) on layer: M1
Net VDD: dangling Wire at (626.400, 64.800) (626.400, 64.800) on layer: M1
Net VDD: dangling Wire at (0.000, 61.200) (0.000, 61.200) on layer: M1
Net VDD: dangling Wire at (626.400, 61.200) (626.400, 61.200) on layer: M1
Net VDD: dangling Wire at (0.000, 57.600) (0.000, 57.600) on layer: M1
Net VDD: dangling Wire at (626.400, 57.600) (626.400, 57.600) on layer: M1
Net VDD: dangling Wire at (0.000, 54.000) (0.000, 54.000) on layer: M1
Net VDD: dangling Wire at (626.400, 54.000) (626.400, 54.000) on layer: M1
Net VDD: dangling Wire at (0.000, 50.400) (0.000, 50.400) on layer: M1
Net VDD: dangling Wire at (626.400, 50.400) (626.400, 50.400) on layer: M1
Net VDD: dangling Wire at (0.000, 46.800) (0.000, 46.800) on layer: M1
Net VDD: dangling Wire at (626.400, 46.800) (626.400, 46.800) on layer: M1
Net VDD: dangling Wire at (0.000, 43.200) (0.000, 43.200) on layer: M1
Net VDD: dangling Wire at (626.400, 43.200) (626.400, 43.200) on layer: M1
Net VDD: dangling Wire at (0.000, 39.600) (0.000, 39.600) on layer: M1
Net VDD: dangling Wire at (626.400, 39.600) (626.400, 39.600) on layer: M1
Net VDD: dangling Wire at (0.000, 36.000) (0.000, 36.000) on layer: M1
Net VDD: dangling Wire at (626.400, 36.000) (626.400, 36.000) on layer: M1
Net VDD: dangling Wire at (0.000, 32.400) (0.000, 32.400) on layer: M1
Net VDD: dangling Wire at (626.400, 32.400) (626.400, 32.400) on layer: M1
Net VDD: dangling Wire at (0.000, 28.800) (0.000, 28.800) on layer: M1
Net VDD: dangling Wire at (626.400, 28.800) (626.400, 28.800) on layer: M1
Net VDD: dangling Wire at (0.000, 25.200) (0.000, 25.200) on layer: M1
Net VDD: dangling Wire at (626.400, 25.200) (626.400, 25.200) on layer: M1
Net VDD: dangling Wire at (0.000, 21.600) (0.000, 21.600) on layer: M1
Net VDD: dangling Wire at (626.400, 21.600) (626.400, 21.600) on layer: M1
Net VDD: dangling Wire at (0.000, 18.000) (0.000, 18.000) on layer: M1
Net VDD: dangling Wire at (626.400, 18.000) (626.400, 18.000) on layer: M1
Net VDD: dangling Wire at (0.000, 14.400) (0.000, 14.400) on layer: M1
Net VDD: dangling Wire at (626.400, 14.400) (626.400, 14.400) on layer: M1
Net VDD: dangling Wire at (0.000, 10.800) (0.000, 10.800) on layer: M1
Net VDD: dangling Wire at (626.400, 10.800) (626.400, 10.800) on layer: M1
Net VDD: dangling Wire at (0.000, 7.200) (0.000, 7.200) on layer: M1
Net VDD: dangling Wire at (626.400, 7.200) (626.400, 7.200) on layer: M1
Net VDD: dangling Wire at (0.000, 3.600) (0.000, 3.600) on layer: M1
Net VDD: dangling Wire at (626.400, 3.600) (626.400, 3.600) on layer: M1
Net VDD: dangling Wire at (0.000, 0.000) (0.000, 0.000) on layer: M1
Net VDD: dangling Wire at (626.400, 0.000) (626.400, 0.000) on layer: M1
Net VSS: has special routes with opens at (0.000, 624.435) (626.400, 624.765)
Net VSS: has special routes with opens at (0.000, 620.835) (626.400, 621.165)
Net VSS: has special routes with opens at (0.000, 617.235) (626.400, 617.565)
Net VSS: has special routes with opens at (0.000, 613.635) (626.400, 613.965)
Net VSS: has special routes with opens at (0.000, 610.035) (626.400, 610.365)
Net VSS: has special routes with opens at (0.000, 606.435) (626.400, 606.765)
Net VSS: has special routes with opens at (0.000, 602.835) (626.400, 603.165)
Net VSS: has special routes with opens at (0.000, 599.235) (626.400, 599.565)
Net VSS: has special routes with opens at (0.000, 595.635) (626.400, 595.965)
Net VSS: has special routes with opens at (0.000, 592.035) (626.400, 592.365)
Net VSS: has special routes with opens at (0.000, 588.435) (626.400, 588.765)
Net VSS: has special routes with opens at (0.000, 584.835) (626.400, 585.165)
Net VSS: has special routes with opens at (0.000, 581.235) (626.400, 581.565)
Net VSS: has special routes with opens at (0.000, 577.635) (626.400, 577.965)
Net VSS: has special routes with opens at (0.000, 574.035) (626.400, 574.365)
Net VSS: has special routes with opens at (0.000, 570.435) (626.400, 570.765)
Net VSS: has special routes with opens at (0.000, 566.835) (626.400, 567.165)
Net VSS: has special routes with opens at (0.000, 563.235) (626.400, 563.565)
Net VSS: has special routes with opens at (0.000, 559.635) (626.400, 559.965)
Net VSS: has special routes with opens at (0.000, 556.035) (626.400, 556.365)
Net VSS: has special routes with opens at (0.000, 552.435) (626.400, 552.765)
Net VSS: has special routes with opens at (0.000, 548.835) (626.400, 549.165)
Net VSS: has special routes with opens at (0.000, 545.235) (626.400, 545.565)
Net VSS: has special routes with opens at (0.000, 541.635) (626.400, 541.965)
Net VSS: has special routes with opens at (0.000, 538.035) (626.400, 538.365)
Net VSS: has special routes with opens at (0.000, 534.435) (626.400, 534.765)
Net VSS: has special routes with opens at (0.000, 530.835) (626.400, 531.165)
Net VSS: has special routes with opens at (0.000, 527.235) (626.400, 527.565)
Net VSS: has special routes with opens at (0.000, 523.635) (626.400, 523.965)
Net VSS: has special routes with opens at (0.000, 520.035) (626.400, 520.365)
Net VSS: has special routes with opens at (0.000, 516.435) (626.400, 516.765)
Net VSS: has special routes with opens at (0.000, 512.835) (626.400, 513.165)
Net VSS: has special routes with opens at (0.000, 509.235) (626.400, 509.565)
Net VSS: has special routes with opens at (0.000, 505.635) (626.400, 505.965)
Net VSS: has special routes with opens at (0.000, 502.035) (626.400, 502.365)
Net VSS: has special routes with opens at (0.000, 498.435) (626.400, 498.765)
Net VSS: has special routes with opens at (0.000, 494.835) (626.400, 495.165)
Net VSS: has special routes with opens at (0.000, 491.235) (626.400, 491.565)
Net VSS: has special routes with opens at (0.000, 487.635) (626.400, 487.965)
Net VSS: has special routes with opens at (0.000, 484.035) (626.400, 484.365)
Net VSS: has special routes with opens at (0.000, 480.435) (626.400, 480.765)
Net VSS: has special routes with opens at (0.000, 476.835) (626.400, 477.165)
Net VSS: has special routes with opens at (0.000, 473.235) (626.400, 473.565)
Net VSS: has special routes with opens at (0.000, 469.635) (626.400, 469.965)
Net VSS: has special routes with opens at (0.000, 466.035) (626.400, 466.365)
Net VSS: has special routes with opens at (0.000, 462.435) (626.400, 462.765)
Net VSS: has special routes with opens at (0.000, 458.835) (626.400, 459.165)
Net VSS: has special routes with opens at (0.000, 455.235) (626.400, 455.565)
Net VSS: has special routes with opens at (0.000, 451.635) (626.400, 451.965)
Net VSS: has special routes with opens at (0.000, 448.035) (626.400, 448.365)
Net VSS: has special routes with opens at (0.000, 444.435) (626.400, 444.765)
Net VSS: has special routes with opens at (0.000, 440.835) (626.400, 441.165)
Net VSS: has special routes with opens at (0.000, 437.235) (626.400, 437.565)
Net VSS: has special routes with opens at (0.000, 433.635) (626.400, 433.965)
Net VSS: has special routes with opens at (0.000, 430.035) (626.400, 430.365)
Net VSS: has special routes with opens at (0.000, 426.435) (626.400, 426.765)
Net VSS: has special routes with opens at (0.000, 422.835) (626.400, 423.165)
Net VSS: has special routes with opens at (0.000, 419.235) (626.400, 419.565)
Net VSS: has special routes with opens at (0.000, 415.635) (626.400, 415.965)
Net VSS: has special routes with opens at (0.000, 412.035) (626.400, 412.365)
Net VSS: has special routes with opens at (0.000, 408.435) (626.400, 408.765)
Net VSS: has special routes with opens at (0.000, 404.835) (626.400, 405.165)
Net VSS: has special routes with opens at (0.000, 401.235) (626.400, 401.565)
Net VSS: has special routes with opens at (0.000, 397.635) (626.400, 397.965)
Net VSS: has special routes with opens at (0.000, 394.035) (626.400, 394.365)
Net VSS: has special routes with opens at (0.000, 390.435) (626.400, 390.765)
Net VSS: has special routes with opens at (0.000, 386.835) (626.400, 387.165)
Net VSS: has special routes with opens at (0.000, 383.235) (626.400, 383.565)
Net VSS: has special routes with opens at (0.000, 379.635) (626.400, 379.965)
Net VSS: has special routes with opens at (0.000, 376.035) (626.400, 376.365)
Net VSS: has special routes with opens at (0.000, 372.435) (626.400, 372.765)
Net VSS: has special routes with opens at (0.000, 368.835) (626.400, 369.165)
Net VSS: has special routes with opens at (0.000, 365.235) (626.400, 365.565)
Net VSS: has special routes with opens at (0.000, 361.635) (626.400, 361.965)
Net VSS: has special routes with opens at (0.000, 358.035) (626.400, 358.365)
Net VSS: has special routes with opens at (0.000, 354.435) (626.400, 354.765)
Net VSS: has special routes with opens at (0.000, 350.835) (626.400, 351.165)
Net VSS: has special routes with opens at (0.000, 347.235) (626.400, 347.565)
Net VSS: has special routes with opens at (0.000, 343.635) (626.400, 343.965)
Net VSS: has special routes with opens at (0.000, 340.035) (626.400, 340.365)
Net VSS: has special routes with opens at (0.000, 336.435) (626.400, 336.765)
Net VSS: has special routes with opens at (0.000, 332.835) (626.400, 333.165)
Net VSS: has special routes with opens at (0.000, 329.235) (626.400, 329.565)
Net VSS: has special routes with opens at (0.000, 325.635) (626.400, 325.965)
Net VSS: has special routes with opens at (0.000, 322.035) (626.400, 322.365)
Net VSS: has special routes with opens at (0.000, 318.435) (626.400, 318.765)
Net VSS: has special routes with opens at (0.000, 314.835) (626.400, 315.165)
Net VSS: has special routes with opens at (0.000, 311.235) (626.400, 311.565)
Net VSS: has special routes with opens at (0.000, 307.635) (626.400, 307.965)
Net VSS: has special routes with opens at (0.000, 304.035) (626.400, 304.365)
Net VSS: has special routes with opens at (0.000, 300.435) (626.400, 300.765)
Net VSS: has special routes with opens at (0.000, 296.835) (626.400, 297.165)
Net VSS: has special routes with opens at (0.000, 293.235) (626.400, 293.565)
Net VSS: has special routes with opens at (0.000, 289.635) (626.400, 289.965)
Net VSS: has special routes with opens at (0.000, 286.035) (626.400, 286.365)
Net VSS: has special routes with opens at (0.000, 282.435) (626.400, 282.765)
Net VSS: has special routes with opens at (0.000, 278.835) (626.400, 279.165)
Net VSS: has special routes with opens at (0.000, 275.235) (626.400, 275.565)
Net VSS: has special routes with opens at (0.000, 271.635) (626.400, 271.965)
Net VSS: has special routes with opens at (0.000, 268.035) (626.400, 268.365)
Net VSS: has special routes with opens at (0.000, 264.435) (626.400, 264.765)
Net VSS: has special routes with opens at (0.000, 260.835) (626.400, 261.165)
Net VSS: has special routes with opens at (0.000, 257.235) (626.400, 257.565)
Net VSS: has special routes with opens at (0.000, 253.635) (626.400, 253.965)
Net VSS: has special routes with opens at (0.000, 250.035) (626.400, 250.365)
Net VSS: has special routes with opens at (0.000, 246.435) (626.400, 246.765)
Net VSS: has special routes with opens at (0.000, 242.835) (626.400, 243.165)
Net VSS: has special routes with opens at (0.000, 239.235) (626.400, 239.565)
Net VSS: has special routes with opens at (0.000, 235.635) (626.400, 235.965)
Net VSS: has special routes with opens at (0.000, 232.035) (626.400, 232.365)
Net VSS: has special routes with opens at (0.000, 228.435) (626.400, 228.765)
Net VSS: has special routes with opens at (0.000, 224.835) (626.400, 225.165)
Net VSS: has special routes with opens at (0.000, 221.235) (626.400, 221.565)
Net VSS: has special routes with opens at (0.000, 217.635) (626.400, 217.965)
Net VSS: has special routes with opens at (0.000, 214.035) (626.400, 214.365)
Net VSS: has special routes with opens at (0.000, 210.435) (626.400, 210.765)
Net VSS: has special routes with opens at (0.000, 206.835) (626.400, 207.165)
Net VSS: has special routes with opens at (0.000, 203.235) (626.400, 203.565)
Net VSS: has special routes with opens at (0.000, 199.635) (626.400, 199.965)
Net VSS: has special routes with opens at (0.000, 196.035) (626.400, 196.365)
Net VSS: has special routes with opens at (0.000, 192.435) (626.400, 192.765)
Net VSS: has special routes with opens at (0.000, 188.835) (626.400, 189.165)
Net VSS: has special routes with opens at (0.000, 185.235) (626.400, 185.565)
Net VSS: has special routes with opens at (0.000, 181.635) (626.400, 181.965)
Net VSS: has special routes with opens at (0.000, 178.035) (626.400, 178.365)
Net VSS: has special routes with opens at (0.000, 174.435) (626.400, 174.765)
Net VSS: has special routes with opens at (0.000, 170.835) (626.400, 171.165)
Net VSS: has special routes with opens at (0.000, 167.235) (626.400, 167.565)
Net VSS: has special routes with opens at (0.000, 163.635) (626.400, 163.965)
Net VSS: has special routes with opens at (0.000, 160.035) (626.400, 160.365)
Net VSS: has special routes with opens at (0.000, 156.435) (626.400, 156.765)
Net VSS: has special routes with opens at (0.000, 152.835) (626.400, 153.165)
Net VSS: has special routes with opens at (0.000, 149.235) (626.400, 149.565)
Net VSS: has special routes with opens at (0.000, 145.635) (626.400, 145.965)
Net VSS: has special routes with opens at (0.000, 142.035) (626.400, 142.365)
Net VSS: has special routes with opens at (0.000, 138.435) (626.400, 138.765)
Net VSS: has special routes with opens at (0.000, 134.835) (626.400, 135.165)
Net VSS: has special routes with opens at (0.000, 131.235) (626.400, 131.565)
Net VSS: has special routes with opens at (0.000, 127.635) (626.400, 127.965)
Net VSS: has special routes with opens at (0.000, 124.035) (626.400, 124.365)
Net VSS: has special routes with opens at (0.000, 120.435) (626.400, 120.765)
Net VSS: has special routes with opens at (0.000, 116.835) (626.400, 117.165)
Net VSS: has special routes with opens at (0.000, 113.235) (626.400, 113.565)
Net VSS: has special routes with opens at (0.000, 109.635) (626.400, 109.965)
Net VSS: has special routes with opens at (0.000, 106.035) (626.400, 106.365)
Net VSS: has special routes with opens at (0.000, 102.435) (626.400, 102.765)
Net VSS: has special routes with opens at (0.000, 98.835) (626.400, 99.165)
Net VSS: has special routes with opens at (0.000, 95.235) (626.400, 95.565)
Net VSS: has special routes with opens at (0.000, 91.635) (626.400, 91.965)
Net VSS: has special routes with opens at (0.000, 88.035) (626.400, 88.365)
Net VSS: has special routes with opens at (0.000, 84.435) (626.400, 84.765)
Net VSS: has special routes with opens at (0.000, 80.835) (626.400, 81.165)
Net VSS: has special routes with opens at (0.000, 77.235) (626.400, 77.565)
Net VSS: has special routes with opens at (0.000, 73.635) (626.400, 73.965)
Net VSS: has special routes with opens at (0.000, 70.035) (626.400, 70.365)
Net VSS: has special routes with opens at (0.000, 66.435) (626.400, 66.765)
Net VSS: has special routes with opens at (0.000, 62.835) (626.400, 63.165)
Net VSS: has special routes with opens at (0.000, 59.235) (626.400, 59.565)
Net VSS: has special routes with opens at (0.000, 55.635) (626.400, 55.965)
Net VSS: has special routes with opens at (0.000, 52.035) (626.400, 52.365)
Net VSS: has special routes with opens at (0.000, 48.435) (626.400, 48.765)
Net VSS: has special routes with opens at (0.000, 44.835) (626.400, 45.165)
Net VSS: has special routes with opens at (0.000, 41.235) (626.400, 41.565)
Net VSS: has special routes with opens at (0.000, 37.635) (626.400, 37.965)
Net VSS: has special routes with opens at (0.000, 34.035) (626.400, 34.365)
Net VSS: has special routes with opens at (0.000, 30.435) (626.400, 30.765)
Net VSS: has special routes with opens at (0.000, 26.835) (626.400, 27.165)
Net VSS: has special routes with opens at (0.000, 23.235) (626.400, 23.565)
Net VSS: has special routes with opens at (0.000, 19.635) (626.400, 19.965)
Net VSS: has special routes with opens at (0.000, 16.035) (626.400, 16.365)
Net VSS: has special routes with opens at (0.000, 12.435) (626.400, 12.765)
Net VSS: has special routes with opens at (0.000, 8.835) (626.400, 9.165)
Net VSS: has special routes with opens at (0.000, 5.235) (626.400, 5.565)
Net VSS: has special routes with opens at (0.000, 1.635) (626.400, 1.965)
Net VSS: dangling Wire at (0.000, 624.600) (0.000, 624.600) on layer: M1
Net VSS: dangling Wire at (626.400, 624.600) (626.400, 624.600) on layer: M1
Net VSS: dangling Wire at (0.000, 621.000) (0.000, 621.000) on layer: M1
Net VSS: dangling Wire at (626.400, 621.000) (626.400, 621.000) on layer: M1
Net VSS: dangling Wire at (0.000, 617.400) (0.000, 617.400) on layer: M1
Net VSS: dangling Wire at (626.400, 617.400) (626.400, 617.400) on layer: M1
Net VSS: dangling Wire at (0.000, 613.800) (0.000, 613.800) on layer: M1
Net VSS: dangling Wire at (626.400, 613.800) (626.400, 613.800) on layer: M1
Net VSS: dangling Wire at (0.000, 610.200) (0.000, 610.200) on layer: M1
Net VSS: dangling Wire at (626.400, 610.200) (626.400, 610.200) on layer: M1
Net VSS: dangling Wire at (0.000, 606.600) (0.000, 606.600) on layer: M1
Net VSS: dangling Wire at (626.400, 606.600) (626.400, 606.600) on layer: M1
Net VSS: dangling Wire at (0.000, 603.000) (0.000, 603.000) on layer: M1
Net VSS: dangling Wire at (626.400, 603.000) (626.400, 603.000) on layer: M1
Net VSS: dangling Wire at (0.000, 599.400) (0.000, 599.400) on layer: M1
Net VSS: dangling Wire at (626.400, 599.400) (626.400, 599.400) on layer: M1
Net VSS: dangling Wire at (0.000, 595.800) (0.000, 595.800) on layer: M1
Net VSS: dangling Wire at (626.400, 595.800) (626.400, 595.800) on layer: M1
Net VSS: dangling Wire at (0.000, 592.200) (0.000, 592.200) on layer: M1
Net VSS: dangling Wire at (626.400, 592.200) (626.400, 592.200) on layer: M1
Net VSS: dangling Wire at (0.000, 588.600) (0.000, 588.600) on layer: M1
Net VSS: dangling Wire at (626.400, 588.600) (626.400, 588.600) on layer: M1
Net VSS: dangling Wire at (0.000, 585.000) (0.000, 585.000) on layer: M1
Net VSS: dangling Wire at (626.400, 585.000) (626.400, 585.000) on layer: M1
Net VSS: dangling Wire at (0.000, 581.400) (0.000, 581.400) on layer: M1
Net VSS: dangling Wire at (626.400, 581.400) (626.400, 581.400) on layer: M1
Net VSS: dangling Wire at (0.000, 577.800) (0.000, 577.800) on layer: M1
Net VSS: dangling Wire at (626.400, 577.800) (626.400, 577.800) on layer: M1
Net VSS: dangling Wire at (0.000, 574.200) (0.000, 574.200) on layer: M1
Net VSS: dangling Wire at (626.400, 574.200) (626.400, 574.200) on layer: M1
Net VSS: dangling Wire at (0.000, 570.600) (0.000, 570.600) on layer: M1
Net VSS: dangling Wire at (626.400, 570.600) (626.400, 570.600) on layer: M1
Net VSS: dangling Wire at (0.000, 567.000) (0.000, 567.000) on layer: M1
Net VSS: dangling Wire at (626.400, 567.000) (626.400, 567.000) on layer: M1
Net VSS: dangling Wire at (0.000, 563.400) (0.000, 563.400) on layer: M1
Net VSS: dangling Wire at (626.400, 563.400) (626.400, 563.400) on layer: M1
Net VSS: dangling Wire at (0.000, 559.800) (0.000, 559.800) on layer: M1
Net VSS: dangling Wire at (626.400, 559.800) (626.400, 559.800) on layer: M1
Net VSS: dangling Wire at (0.000, 556.200) (0.000, 556.200) on layer: M1
Net VSS: dangling Wire at (626.400, 556.200) (626.400, 556.200) on layer: M1
Net VSS: dangling Wire at (0.000, 552.600) (0.000, 552.600) on layer: M1
Net VSS: dangling Wire at (626.400, 552.600) (626.400, 552.600) on layer: M1
Net VSS: dangling Wire at (0.000, 549.000) (0.000, 549.000) on layer: M1
Net VSS: dangling Wire at (626.400, 549.000) (626.400, 549.000) on layer: M1
Net VSS: dangling Wire at (0.000, 545.400) (0.000, 545.400) on layer: M1
Net VSS: dangling Wire at (626.400, 545.400) (626.400, 545.400) on layer: M1
Net VSS: dangling Wire at (0.000, 541.800) (0.000, 541.800) on layer: M1
Net VSS: dangling Wire at (626.400, 541.800) (626.400, 541.800) on layer: M1
Net VSS: dangling Wire at (0.000, 538.200) (0.000, 538.200) on layer: M1
Net VSS: dangling Wire at (626.400, 538.200) (626.400, 538.200) on layer: M1
Net VSS: dangling Wire at (0.000, 534.600) (0.000, 534.600) on layer: M1
Net VSS: dangling Wire at (626.400, 534.600) (626.400, 534.600) on layer: M1
Net VSS: dangling Wire at (0.000, 531.000) (0.000, 531.000) on layer: M1
Net VSS: dangling Wire at (626.400, 531.000) (626.400, 531.000) on layer: M1
Net VSS: dangling Wire at (0.000, 527.400) (0.000, 527.400) on layer: M1
Net VSS: dangling Wire at (626.400, 527.400) (626.400, 527.400) on layer: M1
Net VSS: dangling Wire at (0.000, 523.800) (0.000, 523.800) on layer: M1
Net VSS: dangling Wire at (626.400, 523.800) (626.400, 523.800) on layer: M1
Net VSS: dangling Wire at (0.000, 520.200) (0.000, 520.200) on layer: M1
Net VSS: dangling Wire at (626.400, 520.200) (626.400, 520.200) on layer: M1
Net VSS: dangling Wire at (0.000, 516.600) (0.000, 516.600) on layer: M1
Net VSS: dangling Wire at (626.400, 516.600) (626.400, 516.600) on layer: M1
Net VSS: dangling Wire at (0.000, 513.000) (0.000, 513.000) on layer: M1
Net VSS: dangling Wire at (626.400, 513.000) (626.400, 513.000) on layer: M1
Net VSS: dangling Wire at (0.000, 509.400) (0.000, 509.400) on layer: M1
Net VSS: dangling Wire at (626.400, 509.400) (626.400, 509.400) on layer: M1
Net VSS: dangling Wire at (0.000, 505.800) (0.000, 505.800) on layer: M1
Net VSS: dangling Wire at (626.400, 505.800) (626.400, 505.800) on layer: M1
Net VSS: dangling Wire at (0.000, 502.200) (0.000, 502.200) on layer: M1
Net VSS: dangling Wire at (626.400, 502.200) (626.400, 502.200) on layer: M1
Net VSS: dangling Wire at (0.000, 498.600) (0.000, 498.600) on layer: M1
Net VSS: dangling Wire at (626.400, 498.600) (626.400, 498.600) on layer: M1
Net VSS: dangling Wire at (0.000, 495.000) (0.000, 495.000) on layer: M1
Net VSS: dangling Wire at (626.400, 495.000) (626.400, 495.000) on layer: M1
Net VSS: dangling Wire at (0.000, 491.400) (0.000, 491.400) on layer: M1
Net VSS: dangling Wire at (626.400, 491.400) (626.400, 491.400) on layer: M1
Net VSS: dangling Wire at (0.000, 487.800) (0.000, 487.800) on layer: M1
Net VSS: dangling Wire at (626.400, 487.800) (626.400, 487.800) on layer: M1
Net VSS: dangling Wire at (0.000, 484.200) (0.000, 484.200) on layer: M1
Net VSS: dangling Wire at (626.400, 484.200) (626.400, 484.200) on layer: M1
Net VSS: dangling Wire at (0.000, 480.600) (0.000, 480.600) on layer: M1
Net VSS: dangling Wire at (626.400, 480.600) (626.400, 480.600) on layer: M1
Net VSS: dangling Wire at (0.000, 477.000) (0.000, 477.000) on layer: M1
Net VSS: dangling Wire at (626.400, 477.000) (626.400, 477.000) on layer: M1
Net VSS: dangling Wire at (0.000, 473.400) (0.000, 473.400) on layer: M1
Net VSS: dangling Wire at (626.400, 473.400) (626.400, 473.400) on layer: M1
Net VSS: dangling Wire at (0.000, 469.800) (0.000, 469.800) on layer: M1
Net VSS: dangling Wire at (626.400, 469.800) (626.400, 469.800) on layer: M1
Net VSS: dangling Wire at (0.000, 466.200) (0.000, 466.200) on layer: M1
Net VSS: dangling Wire at (626.400, 466.200) (626.400, 466.200) on layer: M1
Net VSS: dangling Wire at (0.000, 462.600) (0.000, 462.600) on layer: M1
Net VSS: dangling Wire at (626.400, 462.600) (626.400, 462.600) on layer: M1
Net VSS: dangling Wire at (0.000, 459.000) (0.000, 459.000) on layer: M1
Net VSS: dangling Wire at (626.400, 459.000) (626.400, 459.000) on layer: M1
Net VSS: dangling Wire at (0.000, 455.400) (0.000, 455.400) on layer: M1
Net VSS: dangling Wire at (626.400, 455.400) (626.400, 455.400) on layer: M1
Net VSS: dangling Wire at (0.000, 451.800) (0.000, 451.800) on layer: M1
Net VSS: dangling Wire at (626.400, 451.800) (626.400, 451.800) on layer: M1
Net VSS: dangling Wire at (0.000, 448.200) (0.000, 448.200) on layer: M1
Net VSS: dangling Wire at (626.400, 448.200) (626.400, 448.200) on layer: M1
Net VSS: dangling Wire at (0.000, 444.600) (0.000, 444.600) on layer: M1
Net VSS: dangling Wire at (626.400, 444.600) (626.400, 444.600) on layer: M1
Net VSS: dangling Wire at (0.000, 441.000) (0.000, 441.000) on layer: M1
Net VSS: dangling Wire at (626.400, 441.000) (626.400, 441.000) on layer: M1
Net VSS: dangling Wire at (0.000, 437.400) (0.000, 437.400) on layer: M1
Net VSS: dangling Wire at (626.400, 437.400) (626.400, 437.400) on layer: M1
Net VSS: dangling Wire at (0.000, 433.800) (0.000, 433.800) on layer: M1
Net VSS: dangling Wire at (626.400, 433.800) (626.400, 433.800) on layer: M1
Net VSS: dangling Wire at (0.000, 430.200) (0.000, 430.200) on layer: M1
Net VSS: dangling Wire at (626.400, 430.200) (626.400, 430.200) on layer: M1
Net VSS: dangling Wire at (0.000, 426.600) (0.000, 426.600) on layer: M1
Net VSS: dangling Wire at (626.400, 426.600) (626.400, 426.600) on layer: M1
Net VSS: dangling Wire at (0.000, 423.000) (0.000, 423.000) on layer: M1
Net VSS: dangling Wire at (626.400, 423.000) (626.400, 423.000) on layer: M1
Net VSS: dangling Wire at (0.000, 419.400) (0.000, 419.400) on layer: M1
Net VSS: dangling Wire at (626.400, 419.400) (626.400, 419.400) on layer: M1
Net VSS: dangling Wire at (0.000, 415.800) (0.000, 415.800) on layer: M1
Net VSS: dangling Wire at (626.400, 415.800) (626.400, 415.800) on layer: M1
Net VSS: dangling Wire at (0.000, 412.200) (0.000, 412.200) on layer: M1
Net VSS: dangling Wire at (626.400, 412.200) (626.400, 412.200) on layer: M1
Net VSS: dangling Wire at (0.000, 408.600) (0.000, 408.600) on layer: M1
Net VSS: dangling Wire at (626.400, 408.600) (626.400, 408.600) on layer: M1
Net VSS: dangling Wire at (0.000, 405.000) (0.000, 405.000) on layer: M1
Net VSS: dangling Wire at (626.400, 405.000) (626.400, 405.000) on layer: M1
Net VSS: dangling Wire at (0.000, 401.400) (0.000, 401.400) on layer: M1
Net VSS: dangling Wire at (626.400, 401.400) (626.400, 401.400) on layer: M1
Net VSS: dangling Wire at (0.000, 397.800) (0.000, 397.800) on layer: M1
Net VSS: dangling Wire at (626.400, 397.800) (626.400, 397.800) on layer: M1
Net VSS: dangling Wire at (0.000, 394.200) (0.000, 394.200) on layer: M1
Net VSS: dangling Wire at (626.400, 394.200) (626.400, 394.200) on layer: M1
Net VSS: dangling Wire at (0.000, 390.600) (0.000, 390.600) on layer: M1
Net VSS: dangling Wire at (626.400, 390.600) (626.400, 390.600) on layer: M1
Net VSS: dangling Wire at (0.000, 387.000) (0.000, 387.000) on layer: M1
Net VSS: dangling Wire at (626.400, 387.000) (626.400, 387.000) on layer: M1
Net VSS: dangling Wire at (0.000, 383.400) (0.000, 383.400) on layer: M1
Net VSS: dangling Wire at (626.400, 383.400) (626.400, 383.400) on layer: M1
Net VSS: dangling Wire at (0.000, 379.800) (0.000, 379.800) on layer: M1
Net VSS: dangling Wire at (626.400, 379.800) (626.400, 379.800) on layer: M1
Net VSS: dangling Wire at (0.000, 376.200) (0.000, 376.200) on layer: M1
Net VSS: dangling Wire at (626.400, 376.200) (626.400, 376.200) on layer: M1
Net VSS: dangling Wire at (0.000, 372.600) (0.000, 372.600) on layer: M1
Net VSS: dangling Wire at (626.400, 372.600) (626.400, 372.600) on layer: M1
Net VSS: dangling Wire at (0.000, 369.000) (0.000, 369.000) on layer: M1
Net VSS: dangling Wire at (626.400, 369.000) (626.400, 369.000) on layer: M1
Net VSS: dangling Wire at (0.000, 365.400) (0.000, 365.400) on layer: M1
Net VSS: dangling Wire at (626.400, 365.400) (626.400, 365.400) on layer: M1
Net VSS: dangling Wire at (0.000, 361.800) (0.000, 361.800) on layer: M1
Net VSS: dangling Wire at (626.400, 361.800) (626.400, 361.800) on layer: M1
Net VSS: dangling Wire at (0.000, 358.200) (0.000, 358.200) on layer: M1
Net VSS: dangling Wire at (626.400, 358.200) (626.400, 358.200) on layer: M1
Net VSS: dangling Wire at (0.000, 354.600) (0.000, 354.600) on layer: M1
Net VSS: dangling Wire at (626.400, 354.600) (626.400, 354.600) on layer: M1
Net VSS: dangling Wire at (0.000, 351.000) (0.000, 351.000) on layer: M1
Net VSS: dangling Wire at (626.400, 351.000) (626.400, 351.000) on layer: M1
Net VSS: dangling Wire at (0.000, 347.400) (0.000, 347.400) on layer: M1
Net VSS: dangling Wire at (626.400, 347.400) (626.400, 347.400) on layer: M1
Net VSS: dangling Wire at (0.000, 343.800) (0.000, 343.800) on layer: M1
Net VSS: dangling Wire at (626.400, 343.800) (626.400, 343.800) on layer: M1
Net VSS: dangling Wire at (0.000, 340.200) (0.000, 340.200) on layer: M1
Net VSS: dangling Wire at (626.400, 340.200) (626.400, 340.200) on layer: M1
Net VSS: dangling Wire at (0.000, 336.600) (0.000, 336.600) on layer: M1
Net VSS: dangling Wire at (626.400, 336.600) (626.400, 336.600) on layer: M1
Net VSS: dangling Wire at (0.000, 333.000) (0.000, 333.000) on layer: M1
Net VSS: dangling Wire at (626.400, 333.000) (626.400, 333.000) on layer: M1
Net VSS: dangling Wire at (0.000, 329.400) (0.000, 329.400) on layer: M1
Net VSS: dangling Wire at (626.400, 329.400) (626.400, 329.400) on layer: M1
Net VSS: dangling Wire at (0.000, 325.800) (0.000, 325.800) on layer: M1
Net VSS: dangling Wire at (626.400, 325.800) (626.400, 325.800) on layer: M1
Net VSS: dangling Wire at (0.000, 322.200) (0.000, 322.200) on layer: M1
Net VSS: dangling Wire at (626.400, 322.200) (626.400, 322.200) on layer: M1
Net VSS: dangling Wire at (0.000, 318.600) (0.000, 318.600) on layer: M1
Net VSS: dangling Wire at (626.400, 318.600) (626.400, 318.600) on layer: M1
Net VSS: dangling Wire at (0.000, 315.000) (0.000, 315.000) on layer: M1
Net VSS: dangling Wire at (626.400, 315.000) (626.400, 315.000) on layer: M1
Net VSS: dangling Wire at (0.000, 311.400) (0.000, 311.400) on layer: M1
Net VSS: dangling Wire at (626.400, 311.400) (626.400, 311.400) on layer: M1
Net VSS: dangling Wire at (0.000, 307.800) (0.000, 307.800) on layer: M1
Net VSS: dangling Wire at (626.400, 307.800) (626.400, 307.800) on layer: M1
Net VSS: dangling Wire at (0.000, 304.200) (0.000, 304.200) on layer: M1
Net VSS: dangling Wire at (626.400, 304.200) (626.400, 304.200) on layer: M1
Net VSS: dangling Wire at (0.000, 300.600) (0.000, 300.600) on layer: M1
Net VSS: dangling Wire at (626.400, 300.600) (626.400, 300.600) on layer: M1
Net VSS: dangling Wire at (0.000, 297.000) (0.000, 297.000) on layer: M1
Net VSS: dangling Wire at (626.400, 297.000) (626.400, 297.000) on layer: M1
Net VSS: dangling Wire at (0.000, 293.400) (0.000, 293.400) on layer: M1
Net VSS: dangling Wire at (626.400, 293.400) (626.400, 293.400) on layer: M1
Net VSS: dangling Wire at (0.000, 289.800) (0.000, 289.800) on layer: M1
Net VSS: dangling Wire at (626.400, 289.800) (626.400, 289.800) on layer: M1
Net VSS: dangling Wire at (0.000, 286.200) (0.000, 286.200) on layer: M1
Net VSS: dangling Wire at (626.400, 286.200) (626.400, 286.200) on layer: M1
Net VSS: dangling Wire at (0.000, 282.600) (0.000, 282.600) on layer: M1
Net VSS: dangling Wire at (626.400, 282.600) (626.400, 282.600) on layer: M1
Net VSS: dangling Wire at (0.000, 279.000) (0.000, 279.000) on layer: M1
Net VSS: dangling Wire at (626.400, 279.000) (626.400, 279.000) on layer: M1
Net VSS: dangling Wire at (0.000, 275.400) (0.000, 275.400) on layer: M1
Net VSS: dangling Wire at (626.400, 275.400) (626.400, 275.400) on layer: M1
Net VSS: dangling Wire at (0.000, 271.800) (0.000, 271.800) on layer: M1
Net VSS: dangling Wire at (626.400, 271.800) (626.400, 271.800) on layer: M1
Net VSS: dangling Wire at (0.000, 268.200) (0.000, 268.200) on layer: M1
Net VSS: dangling Wire at (626.400, 268.200) (626.400, 268.200) on layer: M1
Net VSS: dangling Wire at (0.000, 264.600) (0.000, 264.600) on layer: M1
Net VSS: dangling Wire at (626.400, 264.600) (626.400, 264.600) on layer: M1
Net VSS: dangling Wire at (0.000, 261.000) (0.000, 261.000) on layer: M1
Net VSS: dangling Wire at (626.400, 261.000) (626.400, 261.000) on layer: M1
Net VSS: dangling Wire at (0.000, 257.400) (0.000, 257.400) on layer: M1
Net VSS: dangling Wire at (626.400, 257.400) (626.400, 257.400) on layer: M1
Net VSS: dangling Wire at (0.000, 253.800) (0.000, 253.800) on layer: M1
Net VSS: dangling Wire at (626.400, 253.800) (626.400, 253.800) on layer: M1
Net VSS: dangling Wire at (0.000, 250.200) (0.000, 250.200) on layer: M1
Net VSS: dangling Wire at (626.400, 250.200) (626.400, 250.200) on layer: M1
Net VSS: dangling Wire at (0.000, 246.600) (0.000, 246.600) on layer: M1
Net VSS: dangling Wire at (626.400, 246.600) (626.400, 246.600) on layer: M1
Net VSS: dangling Wire at (0.000, 243.000) (0.000, 243.000) on layer: M1
Net VSS: dangling Wire at (626.400, 243.000) (626.400, 243.000) on layer: M1
Net VSS: dangling Wire at (0.000, 239.400) (0.000, 239.400) on layer: M1
Net VSS: dangling Wire at (626.400, 239.400) (626.400, 239.400) on layer: M1
Net VSS: dangling Wire at (0.000, 235.800) (0.000, 235.800) on layer: M1
Net VSS: dangling Wire at (626.400, 235.800) (626.400, 235.800) on layer: M1
Net VSS: dangling Wire at (0.000, 232.200) (0.000, 232.200) on layer: M1
Net VSS: dangling Wire at (626.400, 232.200) (626.400, 232.200) on layer: M1
Net VSS: dangling Wire at (0.000, 228.600) (0.000, 228.600) on layer: M1
Net VSS: dangling Wire at (626.400, 228.600) (626.400, 228.600) on layer: M1
Net VSS: dangling Wire at (0.000, 225.000) (0.000, 225.000) on layer: M1
Net VSS: dangling Wire at (626.400, 225.000) (626.400, 225.000) on layer: M1
Net VSS: dangling Wire at (0.000, 221.400) (0.000, 221.400) on layer: M1
Net VSS: dangling Wire at (626.400, 221.400) (626.400, 221.400) on layer: M1
Net VSS: dangling Wire at (0.000, 217.800) (0.000, 217.800) on layer: M1
Net VSS: dangling Wire at (626.400, 217.800) (626.400, 217.800) on layer: M1
Net VSS: dangling Wire at (0.000, 214.200) (0.000, 214.200) on layer: M1
Net VSS: dangling Wire at (626.400, 214.200) (626.400, 214.200) on layer: M1
Net VSS: dangling Wire at (0.000, 210.600) (0.000, 210.600) on layer: M1
Net VSS: dangling Wire at (626.400, 210.600) (626.400, 210.600) on layer: M1
Net VSS: dangling Wire at (0.000, 207.000) (0.000, 207.000) on layer: M1
Net VSS: dangling Wire at (626.400, 207.000) (626.400, 207.000) on layer: M1
Net VSS: dangling Wire at (0.000, 203.400) (0.000, 203.400) on layer: M1
Net VSS: dangling Wire at (626.400, 203.400) (626.400, 203.400) on layer: M1
Net VSS: dangling Wire at (0.000, 199.800) (0.000, 199.800) on layer: M1
Net VSS: dangling Wire at (626.400, 199.800) (626.400, 199.800) on layer: M1
Net VSS: dangling Wire at (0.000, 196.200) (0.000, 196.200) on layer: M1
Net VSS: dangling Wire at (626.400, 196.200) (626.400, 196.200) on layer: M1
Net VSS: dangling Wire at (0.000, 192.600) (0.000, 192.600) on layer: M1
Net VSS: dangling Wire at (626.400, 192.600) (626.400, 192.600) on layer: M1
Net VSS: dangling Wire at (0.000, 189.000) (0.000, 189.000) on layer: M1
Net VSS: dangling Wire at (626.400, 189.000) (626.400, 189.000) on layer: M1
Net VSS: dangling Wire at (0.000, 185.400) (0.000, 185.400) on layer: M1
Net VSS: dangling Wire at (626.400, 185.400) (626.400, 185.400) on layer: M1
Net VSS: dangling Wire at (0.000, 181.800) (0.000, 181.800) on layer: M1
Net VSS: dangling Wire at (626.400, 181.800) (626.400, 181.800) on layer: M1
Net VSS: dangling Wire at (0.000, 178.200) (0.000, 178.200) on layer: M1
Net VSS: dangling Wire at (626.400, 178.200) (626.400, 178.200) on layer: M1
Net VSS: dangling Wire at (0.000, 174.600) (0.000, 174.600) on layer: M1
Net VSS: dangling Wire at (626.400, 174.600) (626.400, 174.600) on layer: M1
Net VSS: dangling Wire at (0.000, 171.000) (0.000, 171.000) on layer: M1
Net VSS: dangling Wire at (626.400, 171.000) (626.400, 171.000) on layer: M1
Net VSS: dangling Wire at (0.000, 167.400) (0.000, 167.400) on layer: M1
Net VSS: dangling Wire at (626.400, 167.400) (626.400, 167.400) on layer: M1
Net VSS: dangling Wire at (0.000, 163.800) (0.000, 163.800) on layer: M1
Net VSS: dangling Wire at (626.400, 163.800) (626.400, 163.800) on layer: M1
Net VSS: dangling Wire at (0.000, 160.200) (0.000, 160.200) on layer: M1
Net VSS: dangling Wire at (626.400, 160.200) (626.400, 160.200) on layer: M1
Net VSS: dangling Wire at (0.000, 156.600) (0.000, 156.600) on layer: M1
Net VSS: dangling Wire at (626.400, 156.600) (626.400, 156.600) on layer: M1
Net VSS: dangling Wire at (0.000, 153.000) (0.000, 153.000) on layer: M1
Net VSS: dangling Wire at (626.400, 153.000) (626.400, 153.000) on layer: M1
Net VSS: dangling Wire at (0.000, 149.400) (0.000, 149.400) on layer: M1
Net VSS: dangling Wire at (626.400, 149.400) (626.400, 149.400) on layer: M1
Net VSS: dangling Wire at (0.000, 145.800) (0.000, 145.800) on layer: M1
Net VSS: dangling Wire at (626.400, 145.800) (626.400, 145.800) on layer: M1
Net VSS: dangling Wire at (0.000, 142.200) (0.000, 142.200) on layer: M1
Net VSS: dangling Wire at (626.400, 142.200) (626.400, 142.200) on layer: M1
Net VSS: dangling Wire at (0.000, 138.600) (0.000, 138.600) on layer: M1
Net VSS: dangling Wire at (626.400, 138.600) (626.400, 138.600) on layer: M1
Net VSS: dangling Wire at (0.000, 135.000) (0.000, 135.000) on layer: M1
Net VSS: dangling Wire at (626.400, 135.000) (626.400, 135.000) on layer: M1
Net VSS: dangling Wire at (0.000, 131.400) (0.000, 131.400) on layer: M1
Net VSS: dangling Wire at (626.400, 131.400) (626.400, 131.400) on layer: M1
Net VSS: dangling Wire at (0.000, 127.800) (0.000, 127.800) on layer: M1
Net VSS: dangling Wire at (626.400, 127.800) (626.400, 127.800) on layer: M1
Net VSS: dangling Wire at (0.000, 124.200) (0.000, 124.200) on layer: M1
Net VSS: dangling Wire at (626.400, 124.200) (626.400, 124.200) on layer: M1
Net VSS: dangling Wire at (0.000, 120.600) (0.000, 120.600) on layer: M1
Net VSS: dangling Wire at (626.400, 120.600) (626.400, 120.600) on layer: M1
Net VSS: dangling Wire at (0.000, 117.000) (0.000, 117.000) on layer: M1
Net VSS: dangling Wire at (626.400, 117.000) (626.400, 117.000) on layer: M1
Net VSS: dangling Wire at (0.000, 113.400) (0.000, 113.400) on layer: M1
Net VSS: dangling Wire at (626.400, 113.400) (626.400, 113.400) on layer: M1
Net VSS: dangling Wire at (0.000, 109.800) (0.000, 109.800) on layer: M1
Net VSS: dangling Wire at (626.400, 109.800) (626.400, 109.800) on layer: M1
Net VSS: dangling Wire at (0.000, 106.200) (0.000, 106.200) on layer: M1
Net VSS: dangling Wire at (626.400, 106.200) (626.400, 106.200) on layer: M1
Net VSS: dangling Wire at (0.000, 102.600) (0.000, 102.600) on layer: M1
Net VSS: dangling Wire at (626.400, 102.600) (626.400, 102.600) on layer: M1
Net VSS: dangling Wire at (0.000, 99.000) (0.000, 99.000) on layer: M1
Net VSS: dangling Wire at (626.400, 99.000) (626.400, 99.000) on layer: M1
Net VSS: dangling Wire at (0.000, 95.400) (0.000, 95.400) on layer: M1
Net VSS: dangling Wire at (626.400, 95.400) (626.400, 95.400) on layer: M1
Net VSS: dangling Wire at (0.000, 91.800) (0.000, 91.800) on layer: M1
Net VSS: dangling Wire at (626.400, 91.800) (626.400, 91.800) on layer: M1
Net VSS: dangling Wire at (0.000, 88.200) (0.000, 88.200) on layer: M1
Net VSS: dangling Wire at (626.400, 88.200) (626.400, 88.200) on layer: M1
Net VSS: dangling Wire at (0.000, 84.600) (0.000, 84.600) on layer: M1
Net VSS: dangling Wire at (626.400, 84.600) (626.400, 84.600) on layer: M1
Net VSS: dangling Wire at (0.000, 81.000) (0.000, 81.000) on layer: M1
Net VSS: dangling Wire at (626.400, 81.000) (626.400, 81.000) on layer: M1

Begin Summary
    348 Problem(s) (IMPVFC-200): Special Wires: Pieces of the net are not connected together.
    652 Problem(s) (IMPVFC-94): The net has dangling wire(s).
    1000 total info(s) created.
End Summary
