###############################################################
#  Generated by:      Cadence Innovus 19.17-s077_1
#  OS:                Linux x86_64(Host ID ieng6-641.ucsd.edu)
#  Generated on:      Mon Mar 14 15:33:12 2022
#  Design:            fullchip
#  Command:           report_timing -max_paths 5 > ${design}.post_route.timing.rpt
###############################################################
Path 1: VIOLATED Setup Check with Pin core_instance_sfp_instance_sfp_out_sign3_
reg_18_/CP 
Endpoint:   core_instance_sfp_instance_sfp_out_sign3_reg_18_/D (v) checked with 
leading edge of 'clk'
Beginpoint: core_instance_psum_mem_instance_Q_reg_79_/Q        (^) triggered by 
leading edge of 'clk'
Path Groups: {clk}
Analysis View: WC_VIEW
Other End Arrival Time          0.656
- Setup                         0.069
+ Phase Shift                   1.000
+ CPPR Adjustment               0.000
= Required Time                 1.586
- Arrival Time                  4.634
= Slack Time                   -3.048
     Clock Rise Edge                 0.000
     + Clock Network Latency (Prop)  0.656
     = Beginpoint Arrival Time       0.656
     +---------------------------------------------------------------------------------------------------------+ 
     |                     Instance                     |     Arc      |   Cell   | Delay | Arrival | Required | 
     |                                                  |              |          |       |  Time   |   Time   | 
     |--------------------------------------------------+--------------+----------+-------+---------+----------| 
     | core_instance_psum_mem_instance_Q_reg_79_        | CP ^         |          |       |   0.656 |   -2.392 | 
     | core_instance_psum_mem_instance_Q_reg_79_        | CP ^ -> Q ^  | EDFQD4   | 0.155 |   0.811 |   -2.237 | 
     | FE_RC_17458_0                                    | A1 ^ -> ZN ^ | IND2D4   | 0.053 |   0.864 |   -2.184 | 
     | FE_RC_16995_0                                    | A1 ^ -> ZN v | ND3D8    | 0.047 |   0.911 |   -2.136 | 
     | U27278                                           | A1 v -> ZN ^ | ND2D3    | 0.032 |   0.944 |   -2.104 | 
     | U9493                                            | A1 ^ -> ZN v | CKND2D4  | 0.031 |   0.974 |   -2.073 | 
     | FE_RC_6936_0                                     | A1 v -> ZN ^ | AOI22D4  | 0.053 |   1.028 |   -2.020 | 
     | FE_RC_6933_0_dup                                 | A2 ^ -> ZN v | CKND2D4  | 0.041 |   1.069 |   -1.979 | 
     | FE_RC_7324_0                                     | A2 v -> ZN ^ | OAI211D4 | 0.048 |   1.118 |   -1.930 | 
     | U11380                                           | A1 ^ -> ZN v | CKND2D8  | 0.043 |   1.161 |   -1.887 | 
     | FE_RC_6590_0                                     | B1 v -> ZN ^ | IND2D4   | 0.030 |   1.191 |   -1.857 | 
     | U8328                                            | A1 ^ -> ZN v | ND2D4    | 0.030 |   1.221 |   -1.826 | 
     | U8487                                            | A1 v -> ZN ^ | ND2D4    | 0.024 |   1.245 |   -1.803 | 
     | U9378                                            | A1 ^ -> ZN v | ND3D3    | 0.044 |   1.289 |   -1.759 | 
     | U8751                                            | A1 v -> ZN ^ | ND2D4    | 0.031 |   1.320 |   -1.728 | 
     | U8495                                            | A1 ^ -> ZN v | NR2XD4   | 0.023 |   1.343 |   -1.705 | 
     | U8494                                            | A2 v -> ZN ^ | ND2D8    | 0.036 |   1.379 |   -1.669 | 
     | U11798                                           | A1 ^ -> ZN v | CKND2D4  | 0.038 |   1.417 |   -1.631 | 
     | FE_RC_6269_0                                     | A1 v -> ZN ^ | AOI32XD4 | 0.061 |   1.478 |   -1.570 | 
     | U11858                                           | A1 ^ -> ZN v | ND3D4    | 0.048 |   1.526 |   -1.522 | 
     | U10701                                           | A1 v -> ZN ^ | ND2D4    | 0.037 |   1.563 |   -1.485 | 
     | U10700                                           | A1 ^ -> ZN v | ND2D8    | 0.042 |   1.604 |   -1.444 | 
     | U28785                                           | A1 v -> ZN ^ | ND2D4    | 0.030 |   1.635 |   -1.413 | 
     | U17047                                           | I ^ -> ZN v  | INVD4    | 0.018 |   1.652 |   -1.396 | 
     | FE_RC_16990_0                                    | A1 v -> ZN ^ | AOI21D4  | 0.033 |   1.685 |   -1.362 | 
     | U11090                                           | B ^ -> ZN v  | OAI211D4 | 0.067 |   1.752 |   -1.295 | 
     | U13492                                           | A1 v -> ZN ^ | ND2D8    | 0.049 |   1.801 |   -1.247 | 
     | FE_OCPC9491_n17270                               | I ^ -> Z ^   | BUFFD8   | 0.046 |   1.847 |   -1.201 | 
     | FE_RC_7325_0                                     | A1 ^ -> ZN v | ND3D8    | 0.038 |   1.885 |   -1.163 | 
     | U10733                                           | B1 v -> ZN ^ | INR2D4   | 0.037 |   1.922 |   -1.126 | 
     | U10732                                           | I ^ -> ZN v  | INVD4    | 0.024 |   1.946 |   -1.102 | 
     | U7169                                            | A1 v -> ZN ^ | ND2D4    | 0.023 |   1.969 |   -1.079 | 
     | U10706                                           | A1 ^ -> ZN v | NR2D8    | 0.021 |   1.990 |   -1.057 | 
     | U11704                                           | A1 v -> ZN ^ | ND2D4    | 0.027 |   2.018 |   -1.030 | 
     | U25768                                           | A1 ^ -> ZN v | ND3D4    | 0.043 |   2.061 |   -0.987 | 
     | FE_RC_9095_0                                     | A2 v -> ZN ^ | ND3D8    | 0.034 |   2.095 |   -0.953 | 
     | U25458                                           | A1 ^ -> ZN v | CKND2D4  | 0.026 |   2.121 |   -0.927 | 
     | U11830                                           | A1 v -> ZN ^ | ND2D4    | 0.027 |   2.148 |   -0.900 | 
     | FE_DBTC6_n15610_dup                              | I ^ -> ZN v  | INVD4    | 0.018 |   2.166 |   -0.881 | 
     | FE_RC_7998_0                                     | B v -> ZN ^  | AOI31D4  | 0.060 |   2.226 |   -0.822 | 
     | U29777                                           | B ^ -> ZN v  | OAI211D4 | 0.062 |   2.288 |   -0.760 | 
     | FE_RC_7118_0_dup                                 | S v -> Z ^   | MUX2D4   | 0.102 |   2.390 |   -0.657 | 
     | U24560                                           | A1 ^ -> ZN v | ND2D3    | 0.035 |   2.425 |   -0.622 | 
     | U25562                                           | B v -> ZN ^  | OAI21D4  | 0.038 |   2.463 |   -0.585 | 
     | U25559                                           | A1 ^ -> ZN v | AOI21D4  | 0.047 |   2.510 |   -0.538 | 
     | U25556                                           | A2 v -> ZN ^ | OAI211D4 | 0.059 |   2.569 |   -0.479 | 
     | U25757                                           | A1 ^ -> ZN v | CKND2D8  | 0.057 |   2.626 |   -0.422 | 
     | FE_OCPC9523_n14313                               | I v -> ZN ^  | INVD6    | 0.029 |   2.655 |   -0.392 | 
     | FE_RC_9393_0                                     | A2 ^ -> ZN v | ND3D3    | 0.038 |   2.693 |   -0.355 | 
     | U26806                                           | A1 v -> ZN ^ | ND2D2    | 0.029 |   2.722 |   -0.326 | 
     | FE_RC_135_0                                      | B1 ^ -> ZN v | IND2D4   | 0.026 |   2.748 |   -0.300 | 
     | FE_RC_417_0                                      | A1 v -> ZN ^ | AOI22D4  | 0.047 |   2.795 |   -0.253 | 
     | FE_OFC8143_n11277                                | I ^ -> Z ^   | BUFFD16  | 0.063 |   2.858 |   -0.190 | 
     | U6417                                            | A1 ^ -> ZN v | ND2D4    | 0.027 |   2.885 |   -0.163 | 
     | U6414                                            | B v -> ZN ^  | OAI21D4  | 0.038 |   2.923 |   -0.124 | 
     | U38902                                           | A1 ^ -> ZN v | AOI21D4  | 0.049 |   2.973 |   -0.075 | 
     | U38901_dup                                       | A1 v -> ZN ^ | OAI21D4  | 0.044 |   3.016 |   -0.031 | 
     | U8187                                            | A1 ^ -> ZN v | ND2D2    | 0.037 |   3.053 |    0.006 | 
     | U24466                                           | A1 v -> ZN ^ | ND2D4    | 0.043 |   3.096 |    0.048 | 
     | FE_OFC6345_n6033                                 | I ^ -> ZN v  | INVD4    | 0.026 |   3.123 |    0.075 | 
     | U25127                                           | A1 v -> ZN ^ | ND2D4    | 0.018 |   3.141 |    0.093 | 
     | U25340                                           | A1 ^ -> ZN v | CKND2D3  | 0.025 |   3.165 |    0.118 | 
     | U24480                                           | A2 v -> ZN ^ | OAI211D4 | 0.048 |   3.213 |    0.165 | 
     | U11788                                           | A2 ^ -> ZN v | ND3D1    | 0.050 |   3.263 |    0.216 | 
     | FE_OCPC13945_n24196                              | I v -> Z v   | BUFFD2   | 0.063 |   3.327 |    0.279 | 
     | U10926                                           | B v -> ZN ^  | OAI21D4  | 0.031 |   3.358 |    0.310 | 
     | U16090                                           | A1 ^ -> ZN v | AOI21D4  | 0.040 |   3.397 |    0.349 | 
     | U13070                                           | A1 v -> ZN ^ | OAI21D4  | 0.047 |   3.445 |    0.397 | 
     | U12404                                           | A1 ^ -> ZN v | CKND2D3  | 0.034 |   3.479 |    0.431 | 
     | U24544                                           | A1 v -> ZN ^ | ND2D4    | 0.026 |   3.505 |    0.457 | 
     | U24936                                           | A1 ^ -> ZN v | ND2D8    | 0.052 |   3.557 |    0.509 | 
     | FE_OCPC10135_n16316                              | I v -> Z v   | BUFFD4   | 0.069 |   3.627 |    0.579 | 
     | FE_RC_8031_0                                     | B1 v -> ZN ^ | AOI22D4  | 0.070 |   3.697 |    0.649 | 
     | FE_RC_10181_0_dup                                | B2 ^ -> ZN v | IND3D4   | 0.081 |   3.777 |    0.730 | 
     | U5518                                            | A1 v -> ZN ^ | NR2XD4   | 0.044 |   3.821 |    0.773 | 
     | U30415                                           | A1 ^ -> ZN v | OAI21D4  | 0.034 |   3.855 |    0.808 | 
     | U29303                                           | B v -> ZN ^  | AOI21D4  | 0.064 |   3.919 |    0.872 | 
     | U30414                                           | B ^ -> ZN v  | OAI21D4  | 0.046 |   3.965 |    0.918 | 
     | FE_RC_426_0                                      | A1 v -> ZN ^ | AOI21D4  | 0.044 |   4.010 |    0.962 | 
     | FE_OFC6476_n24305                                | I ^ -> ZN v  | INVD6    | 0.044 |   4.054 |    1.006 | 
     | FE_OCPC10155_n29288                              | I v -> ZN ^  | INVD6    | 0.026 |   4.080 |    1.032 | 
     | U9038                                            | A1 ^ -> ZN v | ND2D8    | 0.028 |   4.108 |    1.061 | 
     | FE_OCPC9576_n6847                                | I v -> Z v   | BUFFD16  | 0.055 |   4.164 |    1.116 | 
     | U26047                                           | A1 v -> ZN ^ | NR2D4    | 0.048 |   4.212 |    1.164 | 
     | U38197                                           | A1 ^ -> ZN v | NR2D8    | 0.024 |   4.236 |    1.188 | 
     | U28917                                           | A2 v -> ZN ^ | ND3D4    | 0.027 |   4.263 |    1.215 | 
     | U28915                                           | A1 ^ -> ZN v | ND3D2    | 0.041 |   4.303 |    1.256 | 
     | U15519                                           | A1 v -> ZN ^ | CKND2D2  | 0.044 |   4.347 |    1.300 | 
     | U25496                                           | B ^ -> ZN v  | AOI31D4  | 0.028 |   4.375 |    1.327 | 
     | U11863                                           | A2 v -> ZN ^ | CKND2D3  | 0.035 |   4.410 |    1.362 | 
     | U9485                                            | A1 ^ -> ZN v | ND2D4    | 0.030 |   4.439 |    1.392 | 
     | FE_OFC6455_n9779                                 | I v -> Z v   | BUFFD16  | 0.067 |   4.506 |    1.458 | 
     | U38949                                           | A1 v -> ZN ^ | ND3D3    | 0.030 |   4.536 |    1.489 | 
     | U50606                                           | A1 ^ -> Z v  | XOR2D4   | 0.098 |   4.634 |    1.586 | 
     | core_instance_sfp_instance_sfp_out_sign3_reg_18_ | D v          | EDFQD1   | 0.000 |   4.634 |    1.586 | 
     +---------------------------------------------------------------------------------------------------------+ 
Path 2: VIOLATED Setup Check with Pin core_instance_sfp_instance_sfp_out_sign3_
reg_14_/CP 
Endpoint:   core_instance_sfp_instance_sfp_out_sign3_reg_14_/D (^) checked with 
leading edge of 'clk'
Beginpoint: core_instance_psum_mem_instance_Q_reg_79_/Q        (^) triggered by 
leading edge of 'clk'
Path Groups: {clk}
Analysis View: WC_VIEW
Other End Arrival Time          0.655
- Setup                         0.078
+ Phase Shift                   1.000
+ CPPR Adjustment               0.000
= Required Time                 1.577
- Arrival Time                  4.624
= Slack Time                   -3.047
     Clock Rise Edge                 0.000
     + Clock Network Latency (Prop)  0.656
     = Beginpoint Arrival Time       0.656
     +---------------------------------------------------------------------------------------------------------+ 
     |                     Instance                     |     Arc      |   Cell   | Delay | Arrival | Required | 
     |                                                  |              |          |       |  Time   |   Time   | 
     |--------------------------------------------------+--------------+----------+-------+---------+----------| 
     | core_instance_psum_mem_instance_Q_reg_79_        | CP ^         |          |       |   0.656 |   -2.391 | 
     | core_instance_psum_mem_instance_Q_reg_79_        | CP ^ -> Q ^  | EDFQD4   | 0.155 |   0.811 |   -2.236 | 
     | FE_RC_17458_0                                    | A1 ^ -> ZN ^ | IND2D4   | 0.053 |   0.864 |   -2.183 | 
     | FE_RC_16995_0                                    | A1 ^ -> ZN v | ND3D8    | 0.047 |   0.911 |   -2.136 | 
     | U27278                                           | A1 v -> ZN ^ | ND2D3    | 0.032 |   0.944 |   -2.103 | 
     | U9493                                            | A1 ^ -> ZN v | CKND2D4  | 0.031 |   0.974 |   -2.073 | 
     | FE_RC_6936_0                                     | A1 v -> ZN ^ | AOI22D4  | 0.053 |   1.028 |   -2.019 | 
     | FE_RC_6933_0_dup                                 | A2 ^ -> ZN v | CKND2D4  | 0.041 |   1.069 |   -1.978 | 
     | FE_RC_7324_0                                     | A2 v -> ZN ^ | OAI211D4 | 0.048 |   1.118 |   -1.929 | 
     | U11380                                           | A1 ^ -> ZN v | CKND2D8  | 0.043 |   1.161 |   -1.886 | 
     | FE_RC_6590_0                                     | B1 v -> ZN ^ | IND2D4   | 0.030 |   1.191 |   -1.856 | 
     | U8328                                            | A1 ^ -> ZN v | ND2D4    | 0.030 |   1.221 |   -1.826 | 
     | U8487                                            | A1 v -> ZN ^ | ND2D4    | 0.024 |   1.245 |   -1.802 | 
     | U9378                                            | A1 ^ -> ZN v | ND3D3    | 0.044 |   1.289 |   -1.758 | 
     | U8751                                            | A1 v -> ZN ^ | ND2D4    | 0.031 |   1.320 |   -1.727 | 
     | U8495                                            | A1 ^ -> ZN v | NR2XD4   | 0.023 |   1.343 |   -1.704 | 
     | U8494                                            | A2 v -> ZN ^ | ND2D8    | 0.036 |   1.379 |   -1.668 | 
     | U11798                                           | A1 ^ -> ZN v | CKND2D4  | 0.038 |   1.417 |   -1.630 | 
     | FE_RC_6269_0                                     | A1 v -> ZN ^ | AOI32XD4 | 0.061 |   1.478 |   -1.569 | 
     | U11858                                           | A1 ^ -> ZN v | ND3D4    | 0.048 |   1.526 |   -1.521 | 
     | U10701                                           | A1 v -> ZN ^ | ND2D4    | 0.037 |   1.563 |   -1.484 | 
     | U10700                                           | A1 ^ -> ZN v | ND2D8    | 0.042 |   1.604 |   -1.443 | 
     | U28785                                           | A1 v -> ZN ^ | ND2D4    | 0.030 |   1.635 |   -1.413 | 
     | U17047                                           | I ^ -> ZN v  | INVD4    | 0.018 |   1.652 |   -1.395 | 
     | FE_RC_16990_0                                    | A1 v -> ZN ^ | AOI21D4  | 0.033 |   1.685 |   -1.362 | 
     | U11090                                           | B ^ -> ZN v  | OAI211D4 | 0.067 |   1.752 |   -1.295 | 
     | U13492                                           | A1 v -> ZN ^ | ND2D8    | 0.049 |   1.801 |   -1.246 | 
     | FE_OCPC9491_n17270                               | I ^ -> Z ^   | BUFFD8   | 0.046 |   1.847 |   -1.200 | 
     | FE_RC_7325_0                                     | A1 ^ -> ZN v | ND3D8    | 0.038 |   1.885 |   -1.162 | 
     | U10733                                           | B1 v -> ZN ^ | INR2D4   | 0.037 |   1.922 |   -1.125 | 
     | U10732                                           | I ^ -> ZN v  | INVD4    | 0.024 |   1.946 |   -1.101 | 
     | U7169                                            | A1 v -> ZN ^ | ND2D4    | 0.023 |   1.969 |   -1.078 | 
     | U10706                                           | A1 ^ -> ZN v | NR2D8    | 0.021 |   1.990 |   -1.057 | 
     | U11704                                           | A1 v -> ZN ^ | ND2D4    | 0.027 |   2.018 |   -1.030 | 
     | U25768                                           | A1 ^ -> ZN v | ND3D4    | 0.043 |   2.061 |   -0.986 | 
     | FE_RC_9095_0                                     | A2 v -> ZN ^ | ND3D8    | 0.034 |   2.095 |   -0.952 | 
     | U25458                                           | A1 ^ -> ZN v | CKND2D4  | 0.026 |   2.121 |   -0.926 | 
     | U11830                                           | A1 v -> ZN ^ | ND2D4    | 0.027 |   2.148 |   -0.899 | 
     | FE_DBTC6_n15610_dup                              | I ^ -> ZN v  | INVD4    | 0.018 |   2.166 |   -0.881 | 
     | FE_RC_7998_0                                     | B v -> ZN ^  | AOI31D4  | 0.060 |   2.226 |   -0.821 | 
     | U29777                                           | B ^ -> ZN v  | OAI211D4 | 0.062 |   2.288 |   -0.759 | 
     | FE_RC_7118_0_dup                                 | S v -> Z ^   | MUX2D4   | 0.102 |   2.390 |   -0.657 | 
     | U24560                                           | A1 ^ -> ZN v | ND2D3    | 0.035 |   2.425 |   -0.622 | 
     | U25562                                           | B v -> ZN ^  | OAI21D4  | 0.038 |   2.463 |   -0.584 | 
     | U25559                                           | A1 ^ -> ZN v | AOI21D4  | 0.047 |   2.510 |   -0.537 | 
     | U25556                                           | A2 v -> ZN ^ | OAI211D4 | 0.059 |   2.569 |   -0.479 | 
     | U25757                                           | A1 ^ -> ZN v | CKND2D8  | 0.057 |   2.626 |   -0.421 | 
     | FE_OCPC9523_n14313                               | I v -> ZN ^  | INVD6    | 0.029 |   2.655 |   -0.392 | 
     | FE_RC_9393_0                                     | A2 ^ -> ZN v | ND3D3    | 0.038 |   2.693 |   -0.354 | 
     | U26806                                           | A1 v -> ZN ^ | ND2D2    | 0.029 |   2.722 |   -0.325 | 
     | FE_RC_135_0                                      | B1 ^ -> ZN v | IND2D4   | 0.026 |   2.748 |   -0.299 | 
     | FE_RC_417_0                                      | A1 v -> ZN ^ | AOI22D4  | 0.047 |   2.795 |   -0.252 | 
     | FE_OFC8143_n11277                                | I ^ -> Z ^   | BUFFD16  | 0.063 |   2.858 |   -0.189 | 
     | U6417                                            | A1 ^ -> ZN v | ND2D4    | 0.027 |   2.885 |   -0.162 | 
     | U6414                                            | B v -> ZN ^  | OAI21D4  | 0.038 |   2.923 |   -0.124 | 
     | U38902                                           | A1 ^ -> ZN v | AOI21D4  | 0.049 |   2.973 |   -0.074 | 
     | U38901_dup                                       | A1 v -> ZN ^ | OAI21D4  | 0.044 |   3.016 |   -0.031 | 
     | U8187                                            | A1 ^ -> ZN v | ND2D2    | 0.037 |   3.053 |    0.006 | 
     | U24466                                           | A1 v -> ZN ^ | ND2D4    | 0.043 |   3.096 |    0.049 | 
     | FE_OFC6345_n6033                                 | I ^ -> ZN v  | INVD4    | 0.026 |   3.123 |    0.076 | 
     | U25127                                           | A1 v -> ZN ^ | ND2D4    | 0.018 |   3.141 |    0.094 | 
     | U25340                                           | A1 ^ -> ZN v | CKND2D3  | 0.025 |   3.165 |    0.118 | 
     | U24480                                           | A2 v -> ZN ^ | OAI211D4 | 0.048 |   3.213 |    0.166 | 
     | U11788                                           | A2 ^ -> ZN v | ND3D1    | 0.050 |   3.263 |    0.216 | 
     | FE_OCPC13945_n24196                              | I v -> Z v   | BUFFD2   | 0.063 |   3.327 |    0.280 | 
     | U10926                                           | B v -> ZN ^  | OAI21D4  | 0.031 |   3.358 |    0.310 | 
     | U16090                                           | A1 ^ -> ZN v | AOI21D4  | 0.040 |   3.397 |    0.350 | 
     | U13070                                           | A1 v -> ZN ^ | OAI21D4  | 0.047 |   3.445 |    0.398 | 
     | U12404                                           | A1 ^ -> ZN v | CKND2D3  | 0.034 |   3.479 |    0.432 | 
     | U24544                                           | A1 v -> ZN ^ | ND2D4    | 0.026 |   3.505 |    0.458 | 
     | U24936                                           | A1 ^ -> ZN v | ND2D8    | 0.052 |   3.557 |    0.510 | 
     | FE_OCPC10135_n16316                              | I v -> Z v   | BUFFD4   | 0.069 |   3.627 |    0.580 | 
     | FE_RC_8031_0                                     | B1 v -> ZN ^ | AOI22D4  | 0.070 |   3.697 |    0.649 | 
     | FE_RC_10181_0_dup                                | B2 ^ -> ZN v | IND3D4   | 0.081 |   3.777 |    0.730 | 
     | U5518                                            | A1 v -> ZN ^ | NR2XD4   | 0.044 |   3.821 |    0.774 | 
     | U30415                                           | A1 ^ -> ZN v | OAI21D4  | 0.034 |   3.855 |    0.808 | 
     | U29303                                           | B v -> ZN ^  | AOI21D4  | 0.064 |   3.919 |    0.872 | 
     | U30414                                           | B ^ -> ZN v  | OAI21D4  | 0.046 |   3.965 |    0.918 | 
     | FE_RC_426_0                                      | A1 v -> ZN ^ | AOI21D4  | 0.044 |   4.010 |    0.963 | 
     | FE_OFC6476_n24305                                | I ^ -> ZN v  | INVD6    | 0.044 |   4.054 |    1.007 | 
     | FE_RC_8334_0                                     | A2 v -> ZN ^ | ND2D8    | 0.035 |   4.089 |    1.042 | 
     | FE_OCPC12810_n8527                               | I ^ -> Z ^   | BUFFD8   | 0.049 |   4.138 |    1.091 | 
     | U25339                                           | A1 ^ -> ZN v | NR2D4    | 0.020 |   4.159 |    1.112 | 
     | U11803                                           | A2 v -> ZN ^ | NR2D4    | 0.049 |   4.208 |    1.161 | 
     | U9333                                            | A1 ^ -> ZN v | ND2D4    | 0.045 |   4.253 |    1.206 | 
     | U13251                                           | B1 v -> ZN ^ | AOI22D2  | 0.061 |   4.314 |    1.267 | 
     | U25495                                           | A2 ^ -> ZN v | ND2D2    | 0.042 |   4.356 |    1.309 | 
     | U25494                                           | A1 v -> ZN ^ | ND2D2    | 0.025 |   4.381 |    1.334 | 
     | U11863                                           | A1 ^ -> ZN v | CKND2D3  | 0.026 |   4.407 |    1.360 | 
     | U9485                                            | A1 v -> ZN ^ | ND2D4    | 0.025 |   4.432 |    1.385 | 
     | FE_OFC6455_n9779                                 | I ^ -> Z ^   | BUFFD16  | 0.069 |   4.501 |    1.454 | 
     | U9484_dup1                                       | A1 ^ -> ZN v | ND2D8    | 0.043 |   4.544 |    1.497 | 
     | U26314                                           | A1 v -> ZN ^ | NR2XD2   | 0.029 |   4.574 |    1.527 | 
     | FE_RC_17219_0                                    | A1 ^ -> ZN v | CKND2D2  | 0.022 |   4.595 |    1.548 | 
     | FE_RC_11676_0                                    | B v -> ZN ^  | OAI21D1  | 0.029 |   4.624 |    1.577 | 
     | core_instance_sfp_instance_sfp_out_sign3_reg_14_ | D ^          | EDFQD1   | 0.000 |   4.624 |    1.577 | 
     +---------------------------------------------------------------------------------------------------------+ 
Path 3: VIOLATED Setup Check with Pin core_instance_sfp_instance_sfp_out_sign3_
reg_8_/CP 
Endpoint:   core_instance_sfp_instance_sfp_out_sign3_reg_8_/D (^) checked with  
leading edge of 'clk'
Beginpoint: core_instance_psum_mem_instance_Q_reg_79_/Q       (^) triggered by  
leading edge of 'clk'
Path Groups: {clk}
Analysis View: WC_VIEW
Other End Arrival Time          0.715
- Setup                         0.097
+ Phase Shift                   1.000
+ CPPR Adjustment               0.000
= Required Time                 1.618
- Arrival Time                  4.663
= Slack Time                   -3.045
     Clock Rise Edge                 0.000
     + Clock Network Latency (Prop)  0.656
     = Beginpoint Arrival Time       0.656
     +---------------------------------------------------------------------------------------------------------+ 
     |                    Instance                     |     Arc      |   Cell    | Delay | Arrival | Required | 
     |                                                 |              |           |       |  Time   |   Time   | 
     |-------------------------------------------------+--------------+-----------+-------+---------+----------| 
     | core_instance_psum_mem_instance_Q_reg_79_       | CP ^         |           |       |   0.656 |   -2.389 | 
     | core_instance_psum_mem_instance_Q_reg_79_       | CP ^ -> Q ^  | EDFQD4    | 0.155 |   0.811 |   -2.234 | 
     | FE_RC_17458_0                                   | A1 ^ -> ZN ^ | IND2D4    | 0.053 |   0.864 |   -2.180 | 
     | FE_RC_16995_0                                   | A1 ^ -> ZN v | ND3D8     | 0.047 |   0.911 |   -2.133 | 
     | U27278                                          | A1 v -> ZN ^ | ND2D3     | 0.032 |   0.944 |   -2.101 | 
     | U9493                                           | A1 ^ -> ZN v | CKND2D4   | 0.031 |   0.974 |   -2.070 | 
     | FE_RC_6936_0                                    | A1 v -> ZN ^ | AOI22D4   | 0.053 |   1.028 |   -2.017 | 
     | FE_RC_6933_0_dup                                | A2 ^ -> ZN v | CKND2D4   | 0.041 |   1.069 |   -1.975 | 
     | FE_RC_7324_0                                    | A2 v -> ZN ^ | OAI211D4  | 0.048 |   1.118 |   -1.927 | 
     | U11380                                          | A1 ^ -> ZN v | CKND2D8   | 0.043 |   1.161 |   -1.884 | 
     | FE_RC_6590_0                                    | B1 v -> ZN ^ | IND2D4    | 0.030 |   1.191 |   -1.854 | 
     | U8328                                           | A1 ^ -> ZN v | ND2D4     | 0.030 |   1.221 |   -1.823 | 
     | U8487                                           | A1 v -> ZN ^ | ND2D4     | 0.024 |   1.245 |   -1.800 | 
     | U9378                                           | A1 ^ -> ZN v | ND3D3     | 0.044 |   1.289 |   -1.756 | 
     | U8751                                           | A1 v -> ZN ^ | ND2D4     | 0.031 |   1.320 |   -1.725 | 
     | U8495                                           | A1 ^ -> ZN v | NR2XD4    | 0.023 |   1.343 |   -1.701 | 
     | U8494                                           | A2 v -> ZN ^ | ND2D8     | 0.036 |   1.379 |   -1.666 | 
     | U11798                                          | A1 ^ -> ZN v | CKND2D4   | 0.038 |   1.417 |   -1.628 | 
     | FE_RC_6269_0                                    | A1 v -> ZN ^ | AOI32XD4  | 0.061 |   1.478 |   -1.567 | 
     | U11858                                          | A1 ^ -> ZN v | ND3D4     | 0.048 |   1.526 |   -1.519 | 
     | U10701                                          | A1 v -> ZN ^ | ND2D4     | 0.037 |   1.563 |   -1.482 | 
     | U10700                                          | A1 ^ -> ZN v | ND2D8     | 0.042 |   1.604 |   -1.440 | 
     | U28785                                          | A1 v -> ZN ^ | ND2D4     | 0.030 |   1.635 |   -1.410 | 
     | U17047                                          | I ^ -> ZN v  | INVD4     | 0.018 |   1.652 |   -1.393 | 
     | FE_RC_16990_0                                   | A1 v -> ZN ^ | AOI21D4   | 0.033 |   1.685 |   -1.359 | 
     | U11090                                          | B ^ -> ZN v  | OAI211D4  | 0.067 |   1.752 |   -1.292 | 
     | U13492                                          | A1 v -> ZN ^ | ND2D8     | 0.049 |   1.801 |   -1.244 | 
     | FE_OCPC9491_n17270                              | I ^ -> Z ^   | BUFFD8    | 0.046 |   1.847 |   -1.198 | 
     | FE_RC_7325_0                                    | A1 ^ -> ZN v | ND3D8     | 0.038 |   1.885 |   -1.160 | 
     | U10733                                          | B1 v -> ZN ^ | INR2D4    | 0.037 |   1.922 |   -1.122 | 
     | U10732                                          | I ^ -> ZN v  | INVD4     | 0.024 |   1.946 |   -1.099 | 
     | U7169                                           | A1 v -> ZN ^ | ND2D4     | 0.023 |   1.969 |   -1.076 | 
     | U10706                                          | A1 ^ -> ZN v | NR2D8     | 0.021 |   1.990 |   -1.054 | 
     | U11704                                          | A1 v -> ZN ^ | ND2D4     | 0.027 |   2.018 |   -1.027 | 
     | U25768                                          | A1 ^ -> ZN v | ND3D4     | 0.043 |   2.061 |   -0.984 | 
     | FE_RC_9095_0                                    | A2 v -> ZN ^ | ND3D8     | 0.034 |   2.095 |   -0.949 | 
     | U25458                                          | A1 ^ -> ZN v | CKND2D4   | 0.026 |   2.121 |   -0.924 | 
     | U11830                                          | A1 v -> ZN ^ | ND2D4     | 0.027 |   2.148 |   -0.897 | 
     | FE_DBTC6_n15610_dup                             | I ^ -> ZN v  | INVD4     | 0.018 |   2.166 |   -0.878 | 
     | FE_RC_7998_0                                    | B v -> ZN ^  | AOI31D4   | 0.060 |   2.226 |   -0.819 | 
     | U29777                                          | B ^ -> ZN v  | OAI211D4  | 0.062 |   2.288 |   -0.757 | 
     | FE_RC_7118_0_dup                                | S v -> Z ^   | MUX2D4    | 0.102 |   2.390 |   -0.654 | 
     | U24560                                          | A1 ^ -> ZN v | ND2D3     | 0.035 |   2.425 |   -0.619 | 
     | U25562                                          | B v -> ZN ^  | OAI21D4   | 0.038 |   2.463 |   -0.582 | 
     | U25559                                          | A1 ^ -> ZN v | AOI21D4   | 0.047 |   2.510 |   -0.535 | 
     | U25556                                          | A2 v -> ZN ^ | OAI211D4  | 0.059 |   2.569 |   -0.476 | 
     | U25757                                          | A1 ^ -> ZN v | CKND2D8   | 0.057 |   2.626 |   -0.419 | 
     | FE_OCPC9523_n14313                              | I v -> ZN ^  | INVD6     | 0.029 |   2.655 |   -0.389 | 
     | FE_RC_9393_0                                    | A2 ^ -> ZN v | ND3D3     | 0.038 |   2.693 |   -0.351 | 
     | U26806                                          | A1 v -> ZN ^ | ND2D2     | 0.029 |   2.722 |   -0.323 | 
     | FE_RC_135_0                                     | B1 ^ -> ZN v | IND2D4    | 0.026 |   2.748 |   -0.297 | 
     | FE_RC_417_0                                     | A1 v -> ZN ^ | AOI22D4   | 0.047 |   2.795 |   -0.249 | 
     | FE_OFC8143_n11277                               | I ^ -> Z ^   | BUFFD16   | 0.063 |   2.858 |   -0.187 | 
     | U6417                                           | A1 ^ -> ZN v | ND2D4     | 0.027 |   2.885 |   -0.159 | 
     | U6414                                           | B v -> ZN ^  | OAI21D4   | 0.038 |   2.923 |   -0.121 | 
     | U38902                                          | A1 ^ -> ZN v | AOI21D4   | 0.049 |   2.973 |   -0.072 | 
     | U38901_dup                                      | A1 v -> ZN ^ | OAI21D4   | 0.044 |   3.016 |   -0.028 | 
     | U8187                                           | A1 ^ -> ZN v | ND2D2     | 0.037 |   3.053 |    0.009 | 
     | U24466                                          | A1 v -> ZN ^ | ND2D4     | 0.043 |   3.096 |    0.052 | 
     | FE_OFC6345_n6033                                | I ^ -> ZN v  | INVD4     | 0.026 |   3.123 |    0.078 | 
     | U25127                                          | A1 v -> ZN ^ | ND2D4     | 0.018 |   3.141 |    0.096 | 
     | U25340                                          | A1 ^ -> ZN v | CKND2D3   | 0.025 |   3.165 |    0.121 | 
     | U24480                                          | A2 v -> ZN ^ | OAI211D4  | 0.048 |   3.213 |    0.168 | 
     | U11788                                          | A2 ^ -> ZN v | ND3D1     | 0.050 |   3.263 |    0.219 | 
     | FE_OCPC13945_n24196                             | I v -> Z v   | BUFFD2    | 0.063 |   3.327 |    0.282 | 
     | U10926                                          | B v -> ZN ^  | OAI21D4   | 0.031 |   3.358 |    0.313 | 
     | U16090                                          | A1 ^ -> ZN v | AOI21D4   | 0.040 |   3.397 |    0.353 | 
     | U13070                                          | A1 v -> ZN ^ | OAI21D4   | 0.047 |   3.445 |    0.400 | 
     | U12404                                          | A1 ^ -> ZN v | CKND2D3   | 0.034 |   3.479 |    0.434 | 
     | U24544                                          | A1 v -> ZN ^ | ND2D4     | 0.026 |   3.505 |    0.460 | 
     | U24936                                          | A1 ^ -> ZN v | ND2D8     | 0.052 |   3.557 |    0.513 | 
     | FE_OCPC10135_n16316                             | I v -> Z v   | BUFFD4    | 0.069 |   3.627 |    0.582 | 
     | FE_RC_8031_0                                    | B1 v -> ZN ^ | AOI22D4   | 0.070 |   3.697 |    0.652 | 
     | FE_RC_10181_0_dup                               | B2 ^ -> ZN v | IND3D4    | 0.081 |   3.777 |    0.733 | 
     | U5518                                           | A1 v -> ZN ^ | NR2XD4    | 0.044 |   3.821 |    0.776 | 
     | U30415                                          | A1 ^ -> ZN v | OAI21D4   | 0.034 |   3.855 |    0.811 | 
     | U29303                                          | B v -> ZN ^  | AOI21D4   | 0.064 |   3.919 |    0.875 | 
     | U30414                                          | B ^ -> ZN v  | OAI21D4   | 0.046 |   3.965 |    0.921 | 
     | FE_RC_426_0                                     | A1 v -> ZN ^ | AOI21D4   | 0.044 |   4.010 |    0.965 | 
     | FE_OFC6476_n24305                               | I ^ -> ZN v  | INVD6     | 0.044 |   4.054 |    1.009 | 
     | FE_RC_8334_0                                    | A2 v -> ZN ^ | ND2D8     | 0.035 |   4.089 |    1.044 | 
     | FE_OCPC12809_n8527                              | I ^ -> ZN v  | INVD12    | 0.026 |   4.115 |    1.071 | 
     | U30636                                          | B2 v -> ZN ^ | AOI22D4   | 0.088 |   4.203 |    1.159 | 
     | U12363                                          | A1 ^ -> ZN v | ND3D3     | 0.061 |   4.264 |    1.220 | 
     | FE_RC_17587_0                                   | B2 v -> ZN ^ | IND3D2    | 0.038 |   4.302 |    1.257 | 
     | FE_RC_17586_0                                   | A1 ^ -> ZN v | AOI21D4   | 0.033 |   4.335 |    1.290 | 
     | FE_RC_6907_0                                    | C v -> ZN ^  | AOI211XD4 | 0.070 |   4.405 |    1.360 | 
     | U42810                                          | A1 ^ -> ZN v | ND3D3     | 0.048 |   4.453 |    1.408 | 
     | FE_OFC5961_n26194                               | I v -> Z v   | BUFFD16   | 0.070 |   4.523 |    1.478 | 
     | FE_RC_567_0                                     | A1 v -> ZN ^ | ND2D8     | 0.027 |   4.549 |    1.505 | 
     | FE_RC_565_0_dup1                                | B ^ -> ZN v  | OAI21D4   | 0.042 |   4.592 |    1.547 | 
     | FE_RC_7579_0                                    | A1 v -> ZN ^ | ND3D8     | 0.025 |   4.617 |    1.572 | 
     | FE_RC_459_0                                     | I ^ -> ZN v  | INVD2     | 0.017 |   4.634 |    1.589 | 
     | FE_RC_458_0                                     | A1 v -> ZN ^ | OAI22D2   | 0.029 |   4.663 |    1.618 | 
     | core_instance_sfp_instance_sfp_out_sign3_reg_8_ | D ^          | EDFQD1    | 0.000 |   4.663 |    1.618 | 
     +---------------------------------------------------------------------------------------------------------+ 
Path 4: VIOLATED Setup Check with Pin core_instance_sfp_instance_sfp_out_sign3_
reg_3_/CP 
Endpoint:   core_instance_sfp_instance_sfp_out_sign3_reg_3_/D (v) checked with  
leading edge of 'clk'
Beginpoint: core_instance_psum_mem_instance_Q_reg_79_/Q       (^) triggered by  
leading edge of 'clk'
Path Groups: {clk}
Analysis View: WC_VIEW
Other End Arrival Time          0.656
- Setup                         0.063
+ Phase Shift                   1.000
+ CPPR Adjustment               0.000
= Required Time                 1.592
- Arrival Time                  4.636
= Slack Time                   -3.044
     Clock Rise Edge                 0.000
     + Clock Network Latency (Prop)  0.656
     = Beginpoint Arrival Time       0.656
     +--------------------------------------------------------------------------------------------------------+ 
     |                    Instance                     |     Arc      |   Cell   | Delay | Arrival | Required | 
     |                                                 |              |          |       |  Time   |   Time   | 
     |-------------------------------------------------+--------------+----------+-------+---------+----------| 
     | core_instance_psum_mem_instance_Q_reg_79_       | CP ^         |          |       |   0.656 |   -2.388 | 
     | core_instance_psum_mem_instance_Q_reg_79_       | CP ^ -> Q ^  | EDFQD4   | 0.155 |   0.811 |   -2.233 | 
     | FE_RC_17458_0                                   | A1 ^ -> ZN ^ | IND2D4   | 0.053 |   0.864 |   -2.180 | 
     | FE_RC_16995_0                                   | A1 ^ -> ZN v | ND3D8    | 0.047 |   0.911 |   -2.133 | 
     | U27278                                          | A1 v -> ZN ^ | ND2D3    | 0.032 |   0.944 |   -2.100 | 
     | U9493                                           | A1 ^ -> ZN v | CKND2D4  | 0.031 |   0.974 |   -2.070 | 
     | FE_RC_6936_0                                    | A1 v -> ZN ^ | AOI22D4  | 0.053 |   1.028 |   -2.016 | 
     | FE_RC_6933_0_dup                                | A2 ^ -> ZN v | CKND2D4  | 0.041 |   1.069 |   -1.975 | 
     | FE_RC_7324_0                                    | A2 v -> ZN ^ | OAI211D4 | 0.048 |   1.118 |   -1.926 | 
     | U11380                                          | A1 ^ -> ZN v | CKND2D8  | 0.043 |   1.161 |   -1.883 | 
     | FE_RC_6590_0                                    | B1 v -> ZN ^ | IND2D4   | 0.030 |   1.191 |   -1.853 | 
     | U8328                                           | A1 ^ -> ZN v | ND2D4    | 0.030 |   1.221 |   -1.823 | 
     | U8487                                           | A1 v -> ZN ^ | ND2D4    | 0.024 |   1.245 |   -1.799 | 
     | U9378                                           | A1 ^ -> ZN v | ND3D3    | 0.044 |   1.289 |   -1.755 | 
     | U8751                                           | A1 v -> ZN ^ | ND2D4    | 0.031 |   1.320 |   -1.724 | 
     | U8495                                           | A1 ^ -> ZN v | NR2XD4   | 0.023 |   1.343 |   -1.701 | 
     | U8494                                           | A2 v -> ZN ^ | ND2D8    | 0.036 |   1.379 |   -1.665 | 
     | U11798                                          | A1 ^ -> ZN v | CKND2D4  | 0.038 |   1.417 |   -1.627 | 
     | FE_RC_6269_0                                    | A1 v -> ZN ^ | AOI32XD4 | 0.061 |   1.478 |   -1.566 | 
     | U11858                                          | A1 ^ -> ZN v | ND3D4    | 0.048 |   1.526 |   -1.518 | 
     | U10701                                          | A1 v -> ZN ^ | ND2D4    | 0.037 |   1.563 |   -1.481 | 
     | U10700                                          | A1 ^ -> ZN v | ND2D8    | 0.042 |   1.604 |   -1.440 | 
     | U28785                                          | A1 v -> ZN ^ | ND2D4    | 0.030 |   1.635 |   -1.410 | 
     | U17047                                          | I ^ -> ZN v  | INVD4    | 0.018 |   1.652 |   -1.392 | 
     | FE_RC_16990_0                                   | A1 v -> ZN ^ | AOI21D4  | 0.033 |   1.685 |   -1.359 | 
     | U11090                                          | B ^ -> ZN v  | OAI211D4 | 0.067 |   1.752 |   -1.292 | 
     | U13492                                          | A1 v -> ZN ^ | ND2D8    | 0.049 |   1.801 |   -1.243 | 
     | FE_OCPC9491_n17270                              | I ^ -> Z ^   | BUFFD8   | 0.046 |   1.847 |   -1.197 | 
     | FE_RC_7325_0                                    | A1 ^ -> ZN v | ND3D8    | 0.038 |   1.885 |   -1.159 | 
     | U10733                                          | B1 v -> ZN ^ | INR2D4   | 0.037 |   1.922 |   -1.122 | 
     | U10732                                          | I ^ -> ZN v  | INVD4    | 0.024 |   1.946 |   -1.098 | 
     | U7169                                           | A1 v -> ZN ^ | ND2D4    | 0.023 |   1.969 |   -1.075 | 
     | U10706                                          | A1 ^ -> ZN v | NR2D8    | 0.021 |   1.990 |   -1.054 | 
     | U11704                                          | A1 v -> ZN ^ | ND2D4    | 0.027 |   2.018 |   -1.027 | 
     | U25768                                          | A1 ^ -> ZN v | ND3D4    | 0.043 |   2.061 |   -0.983 | 
     | FE_RC_9095_0                                    | A2 v -> ZN ^ | ND3D8    | 0.034 |   2.095 |   -0.949 | 
     | U25458                                          | A1 ^ -> ZN v | CKND2D4  | 0.026 |   2.121 |   -0.923 | 
     | U11830                                          | A1 v -> ZN ^ | ND2D4    | 0.027 |   2.148 |   -0.896 | 
     | FE_DBTC6_n15610_dup                             | I ^ -> ZN v  | INVD4    | 0.018 |   2.166 |   -0.878 | 
     | FE_RC_7998_0                                    | B v -> ZN ^  | AOI31D4  | 0.060 |   2.226 |   -0.818 | 
     | U29777                                          | B ^ -> ZN v  | OAI211D4 | 0.062 |   2.288 |   -0.756 | 
     | FE_RC_7118_0_dup                                | S v -> Z ^   | MUX2D4   | 0.102 |   2.390 |   -0.654 | 
     | U24560                                          | A1 ^ -> ZN v | ND2D3    | 0.035 |   2.425 |   -0.619 | 
     | U25562                                          | B v -> ZN ^  | OAI21D4  | 0.038 |   2.463 |   -0.581 | 
     | U25559                                          | A1 ^ -> ZN v | AOI21D4  | 0.047 |   2.510 |   -0.534 | 
     | U25556                                          | A2 v -> ZN ^ | OAI211D4 | 0.059 |   2.569 |   -0.475 | 
     | U25757                                          | A1 ^ -> ZN v | CKND2D8  | 0.057 |   2.626 |   -0.418 | 
     | FE_OCPC9523_n14313                              | I v -> ZN ^  | INVD6    | 0.029 |   2.655 |   -0.389 | 
     | FE_RC_9393_0                                    | A2 ^ -> ZN v | ND3D3    | 0.038 |   2.693 |   -0.351 | 
     | U26806                                          | A1 v -> ZN ^ | ND2D2    | 0.029 |   2.722 |   -0.322 | 
     | FE_RC_135_0                                     | B1 ^ -> ZN v | IND2D4   | 0.026 |   2.748 |   -0.296 | 
     | FE_RC_417_0                                     | A1 v -> ZN ^ | AOI22D4  | 0.047 |   2.795 |   -0.249 | 
     | FE_OFC8143_n11277                               | I ^ -> Z ^   | BUFFD16  | 0.063 |   2.858 |   -0.186 | 
     | U6417                                           | A1 ^ -> ZN v | ND2D4    | 0.027 |   2.885 |   -0.159 | 
     | U6414                                           | B v -> ZN ^  | OAI21D4  | 0.038 |   2.923 |   -0.121 | 
     | U38902                                          | A1 ^ -> ZN v | AOI21D4  | 0.049 |   2.973 |   -0.071 | 
     | U38901_dup                                      | A1 v -> ZN ^ | OAI21D4  | 0.044 |   3.016 |   -0.028 | 
     | U8187                                           | A1 ^ -> ZN v | ND2D2    | 0.037 |   3.053 |    0.009 | 
     | U24466                                          | A1 v -> ZN ^ | ND2D4    | 0.043 |   3.096 |    0.052 | 
     | FE_OFC6345_n6033                                | I ^ -> ZN v  | INVD4    | 0.026 |   3.123 |    0.079 | 
     | U25127                                          | A1 v -> ZN ^ | ND2D4    | 0.018 |   3.141 |    0.097 | 
     | U25340                                          | A1 ^ -> ZN v | CKND2D3  | 0.025 |   3.165 |    0.121 | 
     | U24480                                          | A2 v -> ZN ^ | OAI211D4 | 0.048 |   3.213 |    0.169 | 
     | U11788                                          | A2 ^ -> ZN v | ND3D1    | 0.050 |   3.263 |    0.219 | 
     | FE_OCPC13945_n24196                             | I v -> Z v   | BUFFD2   | 0.063 |   3.327 |    0.283 | 
     | U10926                                          | B v -> ZN ^  | OAI21D4  | 0.031 |   3.358 |    0.314 | 
     | U16090                                          | A1 ^ -> ZN v | AOI21D4  | 0.040 |   3.397 |    0.353 | 
     | U13070                                          | A1 v -> ZN ^ | OAI21D4  | 0.047 |   3.445 |    0.401 | 
     | U12404                                          | A1 ^ -> ZN v | CKND2D3  | 0.034 |   3.479 |    0.435 | 
     | U24544                                          | A1 v -> ZN ^ | ND2D4    | 0.026 |   3.505 |    0.461 | 
     | U24936                                          | A1 ^ -> ZN v | ND2D8    | 0.052 |   3.557 |    0.513 | 
     | FE_OCPC10135_n16316                             | I v -> Z v   | BUFFD4   | 0.069 |   3.627 |    0.583 | 
     | FE_RC_8031_0                                    | B1 v -> ZN ^ | AOI22D4  | 0.070 |   3.697 |    0.653 | 
     | FE_RC_10181_0_dup                               | B2 ^ -> ZN v | IND3D4   | 0.081 |   3.777 |    0.733 | 
     | U5518                                           | A1 v -> ZN ^ | NR2XD4   | 0.044 |   3.821 |    0.777 | 
     | U30415                                          | A1 ^ -> ZN v | OAI21D4  | 0.034 |   3.855 |    0.811 | 
     | U29303                                          | B v -> ZN ^  | AOI21D4  | 0.064 |   3.919 |    0.875 | 
     | U30414                                          | B ^ -> ZN v  | OAI21D4  | 0.046 |   3.965 |    0.921 | 
     | FE_RC_426_0                                     | A1 v -> ZN ^ | AOI21D4  | 0.044 |   4.010 |    0.966 | 
     | FE_OFC6476_n24305                               | I ^ -> ZN v  | INVD6    | 0.044 |   4.054 |    1.010 | 
     | FE_RC_8334_0                                    | A2 v -> ZN ^ | ND2D8    | 0.035 |   4.089 |    1.045 | 
     | FE_OCPC12810_n8527                              | I ^ -> Z ^   | BUFFD8   | 0.049 |   4.138 |    1.094 | 
     | U25339                                          | A1 ^ -> ZN v | NR2D4    | 0.020 |   4.159 |    1.115 | 
     | U11803                                          | A2 v -> ZN ^ | NR2D4    | 0.049 |   4.208 |    1.164 | 
     | U9333                                           | A1 ^ -> ZN v | ND2D4    | 0.045 |   4.253 |    1.209 | 
     | U13251                                          | B1 v -> ZN ^ | AOI22D2  | 0.061 |   4.314 |    1.270 | 
     | U25495                                          | A2 ^ -> ZN v | ND2D2    | 0.042 |   4.356 |    1.312 | 
     | U25494                                          | A1 v -> ZN ^ | ND2D2    | 0.025 |   4.381 |    1.337 | 
     | U11863                                          | A1 ^ -> ZN v | CKND2D3  | 0.026 |   4.407 |    1.363 | 
     | U9485                                           | A1 v -> ZN ^ | ND2D4    | 0.025 |   4.432 |    1.388 | 
     | FE_OFC6455_n9779                                | I ^ -> Z ^   | BUFFD16  | 0.069 |   4.501 |    1.457 | 
     | U9484                                           | A1 ^ -> ZN v | ND2D8    | 0.041 |   4.542 |    1.498 | 
     | U26308                                          | A1 v -> ZN ^ | NR2XD2   | 0.032 |   4.575 |    1.531 | 
     | FE_RC_11641_0                                   | I ^ -> ZN v  | CKND2    | 0.020 |   4.595 |    1.551 | 
     | FE_RC_20605_0                                   | A1 v -> ZN ^ | ND2D2    | 0.018 |   4.613 |    1.569 | 
     | FE_RC_20604_0                                   | A2 ^ -> ZN v | ND2D2    | 0.023 |   4.636 |    1.592 | 
     | core_instance_sfp_instance_sfp_out_sign3_reg_3_ | D v          | EDFQD1   | 0.000 |   4.636 |    1.592 | 
     +--------------------------------------------------------------------------------------------------------+ 
Path 5: VIOLATED Setup Check with Pin core_instance_sfp_instance_sfp_out_sign0_
reg_5_/CP 
Endpoint:   core_instance_sfp_instance_sfp_out_sign0_reg_5_/D        (v) 
checked with  leading edge of 'clk'
Beginpoint: core_instance_sfp_instance_fifo_inst_int_rd_ptr_reg_2_/Q (v) 
triggered by  leading edge of 'clk'
Path Groups: {clk}
Analysis View: WC_VIEW
Other End Arrival Time          0.583
- Setup                         0.067
+ Phase Shift                   1.000
+ CPPR Adjustment               0.000
= Required Time                 1.516
- Arrival Time                  4.560
= Slack Time                   -3.044
     Clock Rise Edge                 0.000
     + Clock Network Latency (Prop)  0.217
     = Beginpoint Arrival Time       0.217
     +-----------------------------------------------------------------------------------------------------------+ 
     |                      Instance                      |     Arc      |   Cell   | Delay | Arrival | Required | 
     |                                                    |              |          |       |  Time   |   Time   | 
     |----------------------------------------------------+--------------+----------+-------+---------+----------| 
     | core_instance_sfp_instance_fifo_inst_int_rd_ptr_re | CP ^         |          |       |   0.217 |   -2.827 | 
     | g_2_                                               |              |          |       |         |          | 
     | core_instance_sfp_instance_fifo_inst_int_rd_ptr_re | CP ^ -> Q v  | EDFQD4   | 0.159 |   0.376 |   -2.667 | 
     | g_2_                                               |              |          |       |         |          | 
     | U24500                                             | A2 v -> ZN ^ | NR2D2    | 0.071 |   0.447 |   -2.597 | 
     | U22831                                             | A1 ^ -> ZN v | ND2D8    | 0.071 |   0.518 |   -2.526 | 
     | FE_RC_10087_0                                      | I v -> ZN ^  | INVD16   | 0.061 |   0.579 |   -2.465 | 
     | U9579                                              | B1 ^ -> ZN v | AOI22D4  | 0.044 |   0.623 |   -2.420 | 
     | FE_RC_17352_0                                      | A1 v -> ZN ^ | CKND2D2  | 0.028 |   0.651 |   -2.392 | 
     | FE_RC_17351_0                                      | A1 ^ -> ZN v | NR2XD1   | 0.023 |   0.674 |   -2.370 | 
     | FE_RC_17350_0                                      | A1 v -> ZN ^ | CKND2D2  | 0.030 |   0.704 |   -2.340 | 
     | FE_RC_17349_0                                      | A1 ^ -> ZN v | NR3D2    | 0.023 |   0.727 |   -2.317 | 
     | FE_RC_20501_0                                      | A1 v -> ZN v | INR3D1   | 0.063 |   0.790 |   -2.254 | 
     | FE_RC_20500_0                                      | A1 v -> ZN ^ | ND3D3    | 0.039 |   0.829 |   -2.215 | 
     | FE_RC_17015_0                                      | A1 ^ -> ZN v | ND2D8    | 0.054 |   0.883 |   -2.160 | 
     | U10373                                             | A1 v -> ZN ^ | ND2D8    | 0.037 |   0.921 |   -2.123 | 
     | FE_OCPC12151_n4510                                 | I ^ -> ZN v  | CKND6    | 0.022 |   0.943 |   -2.101 | 
     | FE_RC_10587_0                                      | A1 v -> ZN ^ | CKND2D8  | 0.026 |   0.968 |   -2.075 | 
     | FE_RC_10671_0                                      | A1 ^ -> ZN v | AOI21D4  | 0.032 |   1.001 |   -2.043 | 
     | U11016_dup                                         | A2 v -> ZN ^ | CKND2D8  | 0.039 |   1.040 |   -2.004 | 
     | FE_RC_17021_0                                      | A1 ^ -> ZN v | ND2D2    | 0.034 |   1.074 |   -1.970 | 
     | FE_RC_17020_0                                      | A1 v -> ZN ^ | AOI21D4  | 0.053 |   1.127 |   -1.917 | 
     | U24717                                             | A1 ^ -> ZN v | ND2D4    | 0.048 |   1.174 |   -1.869 | 
     | U7538                                              | A1 v -> ZN ^ | ND2D2    | 0.026 |   1.200 |   -1.843 | 
     | U31410                                             | A1 ^ -> ZN v | ND2D2    | 0.031 |   1.231 |   -1.813 | 
     | U7490                                              | A2 v -> ZN ^ | ND2D4    | 0.034 |   1.265 |   -1.779 | 
     | FE_RC_8157_0                                       | A1 ^ -> ZN v | CKND2D4  | 0.029 |   1.293 |   -1.750 | 
     | FE_RC_8483_0                                       | B1 v -> ZN ^ | AOI22D4  | 0.060 |   1.354 |   -1.690 | 
     | U31215                                             | A2 ^ -> ZN v | CKND2D3  | 0.038 |   1.391 |   -1.652 | 
     | U30329                                             | A1 v -> ZN ^ | ND2D4    | 0.024 |   1.415 |   -1.629 | 
     | U11448                                             | I ^ -> ZN v  | INVD6    | 0.020 |   1.435 |   -1.609 | 
     | FE_RC_10085_0                                      | B v -> ZN ^  | AOI21D4  | 0.063 |   1.498 |   -1.546 | 
     | U30491                                             | A1 ^ -> ZN v | NR2D2    | 0.030 |   1.528 |   -1.516 | 
     | U30931                                             | A1 v -> ZN ^ | ND2D2    | 0.031 |   1.558 |   -1.485 | 
     | FE_RC_7552_0                                       | A3 ^ -> ZN v | ND3D3    | 0.046 |   1.604 |   -1.440 | 
     | U11953                                             | A1 v -> ZN ^ | ND2D4    | 0.042 |   1.646 |   -1.398 | 
     | FE_RC_15722_0_dup                                  | B ^ -> ZN v  | OAI21D4  | 0.071 |   1.716 |   -1.327 | 
     | U11427                                             | A1 v -> ZN ^ | ND2D3    | 0.050 |   1.767 |   -1.277 | 
     | U26465                                             | A1 ^ -> ZN v | NR2XD3   | 0.033 |   1.800 |   -1.244 | 
     | U29022                                             | A1 v -> ZN ^ | NR2D1    | 0.066 |   1.866 |   -1.178 | 
     | U25312                                             | A2 ^ -> ZN v | ND2D3    | 0.048 |   1.914 |   -1.129 | 
     | U25311                                             | A3 v -> ZN ^ | ND3D4    | 0.031 |   1.945 |   -1.098 | 
     | U29231                                             | B ^ -> ZN v  | OAI211D4 | 0.062 |   2.007 |   -1.037 | 
     | U25136                                             | A1 v -> ZN ^ | CKND2D4  | 0.036 |   2.043 |   -1.001 | 
     | U11333                                             | A1 ^ -> ZN v | ND2D4    | 0.028 |   2.071 |   -0.973 | 
     | FE_RC_6331_0                                       | B1 v -> ZN ^ | IND2D4   | 0.027 |   2.097 |   -0.947 | 
     | FE_RC_6332_0                                       | I ^ -> ZN v  | INVD8    | 0.029 |   2.126 |   -0.917 | 
     | U24737_dup1                                        | A1 v -> ZN ^ | ND2D8    | 0.027 |   2.154 |   -0.890 | 
     | FE_RC_8508_0                                       | B ^ -> ZN v  | OAI21D4  | 0.043 |   2.197 |   -0.847 | 
     | U12117                                             | A2 v -> ZN ^ | ND2D3    | 0.032 |   2.229 |   -0.815 | 
     | U30321                                             | A1 ^ -> ZN v | ND2D4    | 0.029 |   2.258 |   -0.785 | 
     | U30066                                             | A1 v -> ZN ^ | ND2D8    | 0.031 |   2.290 |   -0.754 | 
     | U30062                                             | A1 ^ -> ZN v | CKND2D2  | 0.035 |   2.325 |   -0.718 | 
     | U12343                                             | B v -> ZN ^  | OAI21D4  | 0.040 |   2.365 |   -0.679 | 
     | FE_RC_7167_0                                       | B1 ^ -> ZN v | IND2D4   | 0.040 |   2.405 |   -0.638 | 
     | U25287                                             | A1 v -> ZN ^ | ND2D4    | 0.033 |   2.438 |   -0.605 | 
     | U25286                                             | A1 ^ -> ZN v | ND2D2    | 0.027 |   2.465 |   -0.578 | 
     | U25285                                             | A1 v -> ZN ^ | CKND2D2  | 0.032 |   2.497 |   -0.547 | 
     | U31238                                             | A1 ^ -> Z v  | XOR2D4   | 0.096 |   2.592 |   -0.451 | 
     | U31237                                             | A1 v -> ZN ^ | OAI22D4  | 0.040 |   2.633 |   -0.411 | 
     | U11981                                             | A1 ^ -> ZN v | NR2XD2   | 0.043 |   2.676 |   -0.368 | 
     | U11980                                             | A1 v -> ZN ^ | ND2D8    | 0.039 |   2.714 |   -0.329 | 
     | U13458                                             | A1 ^ -> ZN v | NR2XD4   | 0.034 |   2.748 |   -0.295 | 
     | U6376                                              | A2 v -> ZN ^ | NR2XD4   | 0.045 |   2.793 |   -0.250 | 
     | U13158                                             | A2 ^ -> ZN v | CKND2D4  | 0.028 |   2.821 |   -0.222 | 
     | U38685                                             | A2 v -> ZN ^ | OAI21D4  | 0.050 |   2.871 |   -0.172 | 
     | U29557                                             | A1 ^ -> ZN v | ND2D4    | 0.037 |   2.909 |   -0.135 | 
     | U13428                                             | A1 v -> ZN ^ | ND2D8    | 0.033 |   2.941 |   -0.102 | 
     | U12355                                             | A1 ^ -> ZN v | CKND2D8  | 0.034 |   2.975 |   -0.068 | 
     | U10317                                             | A1 v -> ZN ^ | NR2D8    | 0.087 |   3.063 |    0.019 | 
     | U28807                                             | A1 ^ -> ZN v | CKND2D4  | 0.045 |   3.108 |    0.064 | 
     | U12188                                             | A1 v -> ZN ^ | AOI22D4  | 0.056 |   3.163 |    0.120 | 
     | U24730                                             | A1 ^ -> ZN v | CKND2D8  | 0.045 |   3.209 |    0.165 | 
     | U24729                                             | A1 v -> ZN ^ | ND2D4    | 0.026 |   3.235 |    0.192 | 
     | U25052                                             | A2 ^ -> ZN v | CKND2D4  | 0.036 |   3.271 |    0.227 | 
     | U10604                                             | A2 v -> ZN ^ | ND2D4    | 0.026 |   3.297 |    0.253 | 
     | U29210                                             | A1 ^ -> ZN v | AOI21D4  | 0.029 |   3.325 |    0.282 | 
     | U38310                                             | A1 v -> ZN ^ | OAI21D4  | 0.046 |   3.371 |    0.327 | 
     | U12333                                             | A1 ^ -> ZN v | CKND2D4  | 0.036 |   3.407 |    0.364 | 
     | U12332                                             | A1 v -> ZN ^ | ND2D8    | 0.035 |   3.443 |    0.399 | 
     | FE_RC_6971_0                                       | B2 ^ -> ZN v | IND3D4   | 0.059 |   3.502 |    0.458 | 
     | FE_OFC7890_n16674                                  | I v -> ZN ^  | CKND4    | 0.042 |   3.544 |    0.500 | 
     | FE_RC_16933_0                                      | B1 ^ -> ZN v | INR3D2   | 0.026 |   3.569 |    0.526 | 
     | U29606                                             | A1 v -> ZN ^ | NR2D3    | 0.051 |   3.620 |    0.577 | 
     | U9090                                              | A2 ^ -> ZN v | ND2D8    | 0.060 |   3.680 |    0.636 | 
     | U41937                                             | A1 v -> ZN ^ | ND2D3    | 0.037 |   3.717 |    0.673 | 
     | U35445                                             | B ^ -> ZN v  | OAI21D4  | 0.059 |   3.776 |    0.733 | 
     | U9486_dup                                          | B v -> ZN ^  | AOI21D4  | 0.074 |   3.851 |    0.807 | 
     | U28791                                             | A1 ^ -> ZN v | OAI21D4  | 0.046 |   3.896 |    0.853 | 
     | U15672                                             | A1 v -> ZN ^ | ND2D4    | 0.035 |   3.932 |    0.888 | 
     | U26528_dup                                         | A1 ^ -> ZN v | ND2D4    | 0.036 |   3.968 |    0.924 | 
     | FE_OFC6320_n15543                                  | I v -> ZN ^  | CKND12   | 0.031 |   3.998 |    0.955 | 
     | U30306                                             | A1 ^ -> ZN v | ND2D8    | 0.035 |   4.033 |    0.989 | 
     | FE_OCPC10167_n10838                                | I v -> ZN ^  | CKND16   | 0.035 |   4.068 |    1.024 | 
     | U5366                                              | A1 ^ -> ZN v | ND2D3    | 0.029 |   4.097 |    1.053 | 
     | U29011                                             | A1 v -> ZN ^ | ND2D2    | 0.022 |   4.119 |    1.076 | 
     | U12078                                             | I ^ -> ZN v  | CKND3    | 0.025 |   4.144 |    1.101 | 
     | U26070                                             | A1 v -> ZN ^ | ND4D4    | 0.024 |   4.169 |    1.125 | 
     | U39293                                             | A1 ^ -> ZN v | ND3D2    | 0.041 |   4.210 |    1.166 | 
     | U39292                                             | A1 v -> ZN ^ | CKND2D2  | 0.049 |   4.259 |    1.215 | 
     | U39045                                             | A2 ^ -> ZN v | ND2D2    | 0.037 |   4.295 |    1.252 | 
     | U39290                                             | A3 v -> ZN ^ | AOI31D4  | 0.066 |   4.362 |    1.318 | 
     | U38928                                             | A1 ^ -> ZN v | NR2D8    | 0.028 |   4.390 |    1.346 | 
     | FE_OFC6450_n15025_dup                              | I v -> Z v   | BUFFD16  | 0.062 |   4.452 |    1.408 | 
     | U30833_dup                                         | A1 v -> ZN ^ | ND2D8    | 0.028 |   4.480 |    1.436 | 
     | U30829                                             | A1 ^ -> ZN v | NR2XD2   | 0.023 |   4.503 |    1.459 | 
     | FE_RC_794_0                                        | A1 v -> ZN ^ | CKND2D2  | 0.022 |   4.525 |    1.482 | 
     | FE_RC_792_0                                        | B ^ -> ZN v  | OAI21D1  | 0.035 |   4.560 |    1.516 | 
     | core_instance_sfp_instance_sfp_out_sign0_reg_5_    | D v          | EDFQD1   | 0.000 |   4.560 |    1.516 | 
     +-----------------------------------------------------------------------------------------------------------+ 

