###############################################################
#  Generated by:      Cadence Innovus 19.17-s077_1
#  OS:                Linux x86_64(Host ID ieng6-641.ucsd.edu)
#  Generated on:      Mon Mar  7 09:02:15 2022
#  Design:            fullchip
#  Command:           verifyGeometry
###############################################################

SHORT: Regular Via of Net FE_RN_10819_0 & Blockage of Cell FE_RC_13961_0  ( M1 )
Bounds : ( 504.810, 441.500 ) ( 504.990, 441.600 )


SHORT: Regular Via of Net FE_RN_5736_0 & Blockage of Cell FE_RC_26153_0  ( M1 )
Bounds : ( 505.450, 416.710 ) ( 505.550, 417.130 )


SHORT: Regular Via of Net FE_RN_6484_0 & Blockage of Cell FE_RC_8528_0  ( M1 )
Bounds : ( 380.410, 416.300 ) ( 380.590, 416.400 )


SHORT: Regular Via of Net DP_OP_1332J1_126_8403_n1066 & Blockage of Cell FE_RC_4851_0  ( M1 )
Bounds : ( 380.010, 520.700 ) ( 380.190, 520.800 )


SHORT: Regular Via of Net n4915 & Blockage of Cell U10148  ( M1 )
Bounds : ( 433.050, 359.110 ) ( 433.150, 359.530 )


SHORT: Regular Via of Net DP_OP_1330J1_124_8403_n1099 & Blockage of Cell U9217  ( M1 )
Bounds : ( 289.450, 353.510 ) ( 289.550, 353.690 )


SHORT: Regular Via of Net FE_OCPN16795_core_instance_mac_array_instance_q_temp_547 & Blockage of Cell FE_OCPC6898_core_instance_mac_array_instance_q_temp_547  ( M1 )
Bounds : ( 261.010, 381.150 ) ( 261.390, 381.250 )


SHORT: Regular Via of Net DP_OP_1331J1_125_8403_n2542 & Blockage of Cell U14316  ( M1 )
Bounds : ( 236.810, 482.950 ) ( 236.990, 483.050 )


SHORT: Regular Via of Net DP_OP_1331J1_125_8403_n1179 & Blockage of Cell U13593  ( M1 )
Bounds : ( 235.410, 526.800 ) ( 235.590, 526.900 )


SHORT: Regular Via of Net DP_OP_1331J1_125_8403_n235 & Blockage of Cell FE_RC_11418_0  ( M1 )
Bounds : ( 163.210, 490.800 ) ( 163.390, 490.900 )


SHORT: Regular Via of Net DP_OP_1328J1_122_8403_n1316 & Blockage of Cell U11295  ( M1 )
Bounds : ( 73.450, 344.510 ) ( 73.550, 344.690 )


SHORT: Regular Via of Net DP_OP_1330J1_124_8403_n2205 & Blockage of Cell U9772  ( M1 )
Bounds : ( 289.250, 258.310 ) ( 289.350, 258.490 )


SHORT: Regular Via of Net DP_OP_1335J1_129_8403_n415 & Blockage of Cell FE_RC_17833_0  ( M1 )
Bounds : ( 468.810, 128.300 ) ( 468.990, 128.400 )


SHORT: Regular Via of Net FE_RN_10253_0 & Blockage of Cell FE_RC_13297_0  ( M1 )
Bounds : ( 252.610, 195.600 ) ( 252.790, 195.700 )


SHORT: Regular Via of Net DP_OP_1328J1_122_8403_n2082 & Blockage of Cell U6788  ( M1 )
Bounds : ( 108.850, 197.110 ) ( 108.950, 197.290 )


SHORT: Regular Via of Net DP_OP_1328J1_122_8403_n1870 & Blockage of Cell U12091  ( M1 )
Bounds : ( 73.610, 212.950 ) ( 73.790, 213.050 )



Begin Summary ...
  Cells       : 0
  SameNet     : 0
  Wiring      : 0
  Antenna     : 0
  Short       : 16
  Overlap     : 0
End Summary

  Total Violations : 16 Viols.
